2026-04-02 11:08:52.801 [main] INFO  c.b.services.ChargebeeSyncService - 🚀 Starting Chargebee data synchronization on application startup...
2026-04-02 11:08:52.807 [pool-4-thread-1] INFO  c.b.services.ChargebeeSyncService - 🔄 Synchronizing Items from Chargebee...
2026-04-02 11:08:52.809 [pool-4-thread-2] INFO  c.b.services.ChargebeeSyncService - 🔄 Synchronizing Customers from Chargebee...
2026-04-02 11:08:52.810 [pool-4-thread-3] INFO  c.b.services.ChargebeeSyncService - 🔄 Synchronizing Orders from Chargebee...
2026-04-02 11:08:54.644 [pool-4-thread-3] INFO  c.b.services.ChargebeeSyncService - Processing 2 orders from Chargebee
2026-04-02 11:08:54.812 [pool-4-thread-1] INFO  c.b.services.ChargebeeSyncService - Processing 20 items from Chargebee
2026-04-02 11:08:55.170 [pool-4-thread-3] INFO  c.b.services.ChargebeeSyncService - 📊 Orders sync completed - Total: 2, New: 0, Updated: 2
2026-04-02 11:08:55.529 [pool-4-thread-2] INFO  c.b.services.ChargebeeSyncService - Processing 31 customers from Chargebee
2026-04-02 11:08:55.619 [pool-4-thread-1] INFO  c.b.services.ChargebeeSyncService - 📊 Items sync completed - Total: 20, New: 0, Updated: 20
2026-04-02 11:08:55.620 [pool-4-thread-3] INFO  c.b.services.ChargebeeSyncService - 🔄 Synchronizing Item Prices from Chargebee...
2026-04-02 11:08:55.620 [pool-4-thread-1] INFO  c.b.services.ChargebeeSyncService - 🔄 Synchronizing Subscriptions from Chargebee...
2026-04-02 11:08:56.239 [pool-4-thread-3] INFO  c.b.services.ChargebeeSyncService - Processing 32 item prices from Chargebee
2026-04-02 11:08:56.625 [pool-4-thread-2] INFO  c.b.services.ChargebeeSyncService - 📊 Customers sync completed - Total: 31, New: 0, Updated: 31
2026-04-02 11:08:57.148 [pool-4-thread-3] INFO  c.b.services.ChargebeeSyncService - 📊 Item Prices sync completed - Total: 32, New: 0, Updated: 32, Orphaned: 0
2026-04-02 11:08:57.463 [pool-4-thread-1] INFO  c.b.services.ChargebeeSyncService - Processing 16 subscriptions from Chargebee
2026-04-02 11:08:58.088 [pool-4-thread-1] INFO  c.b.services.ChargebeeSyncService - 📊 Subscriptions sync completed - Total: 16, New: 0, Updated: 16
2026-04-02 11:08:58.088 [main] INFO  c.b.services.ChargebeeSyncService - ✅ Chargebee data synchronization completed successfully!
2026-04-02 11:12:14.769 [main] INFO  c.b.services.ChargebeeSyncService - 🚀 Starting Chargebee data synchronization on application startup...
2026-04-02 11:12:14.772 [pool-4-thread-1] INFO  c.b.services.ChargebeeSyncService - 🔄 Synchronizing Items from Chargebee...
2026-04-02 11:12:14.775 [pool-4-thread-2] INFO  c.b.services.ChargebeeSyncService - 🔄 Synchronizing Customers from Chargebee...
2026-04-02 11:12:14.776 [pool-4-thread-3] INFO  c.b.services.ChargebeeSyncService - 🔄 Synchronizing Orders from Chargebee...
2026-04-02 11:12:17.251 [pool-4-thread-3] INFO  c.b.services.ChargebeeSyncService - Processing 2 orders from Chargebee
2026-04-02 11:12:17.713 [pool-4-thread-1] INFO  c.b.services.ChargebeeSyncService - Processing 20 items from Chargebee
2026-04-02 11:12:17.799 [pool-4-thread-3] INFO  c.b.services.ChargebeeSyncService - 📊 Orders sync completed - Total: 2, New: 0, Updated: 2
2026-04-02 11:12:18.006 [pool-4-thread-2] INFO  c.b.services.ChargebeeSyncService - Processing 31 customers from Chargebee
2026-04-02 11:12:18.388 [pool-4-thread-1] INFO  c.b.services.ChargebeeSyncService - 📊 Items sync completed - Total: 20, New: 0, Updated: 20
2026-04-02 11:12:18.389 [pool-4-thread-3] INFO  c.b.services.ChargebeeSyncService - 🔄 Synchronizing Item Prices from Chargebee...
2026-04-02 11:12:18.391 [pool-4-thread-1] INFO  c.b.services.ChargebeeSyncService - 🔄 Synchronizing Subscriptions from Chargebee...
2026-04-02 11:12:19.033 [pool-4-thread-2] INFO  c.b.services.ChargebeeSyncService - 📊 Customers sync completed - Total: 31, New: 0, Updated: 31
2026-04-02 11:12:19.843 [pool-4-thread-3] INFO  c.b.services.ChargebeeSyncService - Processing 32 item prices from Chargebee
2026-04-02 11:12:20.767 [pool-4-thread-3] INFO  c.b.services.ChargebeeSyncService - 📊 Item Prices sync completed - Total: 32, New: 0, Updated: 32, Orphaned: 0
2026-04-02 11:12:22.279 [pool-4-thread-1] INFO  c.b.services.ChargebeeSyncService - Processing 16 subscriptions from Chargebee
2026-04-02 11:12:22.924 [pool-4-thread-1] INFO  c.b.services.ChargebeeSyncService - 📊 Subscriptions sync completed - Total: 16, New: 0, Updated: 16
2026-04-02 11:12:22.924 [main] INFO  c.b.services.ChargebeeSyncService - ✅ Chargebee data synchronization completed successfully!
2026-04-02 11:49:00.242 [main] INFO  c.b.services.ChargebeeSyncService - 🚀 Starting Chargebee data synchronization on application startup...
2026-04-02 11:49:00.245 [pool-4-thread-1] INFO  c.b.services.ChargebeeSyncService - 🔄 Synchronizing Items from Chargebee...
2026-04-02 11:49:00.245 [pool-4-thread-2] INFO  c.b.services.ChargebeeSyncService - 🔄 Synchronizing Customers from Chargebee...
2026-04-02 11:49:00.246 [pool-4-thread-3] INFO  c.b.services.ChargebeeSyncService - 🔄 Synchronizing Orders from Chargebee...
2026-04-02 11:49:06.702 [pool-4-thread-3] INFO  c.b.services.ChargebeeSyncService - Processing 2 orders from Chargebee
2026-04-02 11:49:07.157 [pool-4-thread-3] INFO  c.b.services.ChargebeeSyncService - 📊 Orders sync completed - Total: 2, New: 0, Updated: 2
2026-04-02 11:49:07.251 [pool-4-thread-1] INFO  c.b.services.ChargebeeSyncService - Processing 20 items from Chargebee
2026-04-02 11:49:07.333 [pool-4-thread-2] INFO  c.b.services.ChargebeeSyncService - Processing 31 customers from Chargebee
2026-04-02 11:49:07.907 [pool-4-thread-1] INFO  c.b.services.ChargebeeSyncService - 📊 Items sync completed - Total: 20, New: 0, Updated: 20
2026-04-02 11:49:07.908 [pool-4-thread-3] INFO  c.b.services.ChargebeeSyncService - 🔄 Synchronizing Item Prices from Chargebee...
2026-04-02 11:49:07.908 [pool-4-thread-1] INFO  c.b.services.ChargebeeSyncService - 🔄 Synchronizing Subscriptions from Chargebee...
2026-04-02 11:49:08.249 [pool-4-thread-2] INFO  c.b.services.ChargebeeSyncService - 📊 Customers sync completed - Total: 31, New: 0, Updated: 31
2026-04-02 11:49:09.152 [pool-4-thread-3] INFO  c.b.services.ChargebeeSyncService - Processing 32 item prices from Chargebee
2026-04-02 11:49:09.955 [pool-4-thread-3] INFO  c.b.services.ChargebeeSyncService - 📊 Item Prices sync completed - Total: 32, New: 0, Updated: 32, Orphaned: 0
2026-04-02 11:49:10.974 [pool-4-thread-1] INFO  c.b.services.ChargebeeSyncService - Processing 16 subscriptions from Chargebee
2026-04-02 11:49:11.554 [pool-4-thread-1] INFO  c.b.services.ChargebeeSyncService - 📊 Subscriptions sync completed - Total: 16, New: 0, Updated: 16
2026-04-02 11:49:11.554 [main] INFO  c.b.services.ChargebeeSyncService - ✅ Chargebee data synchronization completed successfully!
2026-04-02 11:52:23.863 [main] INFO  c.b.services.ChargebeeSyncService - 🚀 Starting Chargebee data synchronization on application startup...
2026-04-02 11:52:23.866 [pool-4-thread-1] INFO  c.b.services.ChargebeeSyncService - 🔄 Synchronizing Items from Chargebee...
2026-04-02 11:52:23.866 [pool-4-thread-2] INFO  c.b.services.ChargebeeSyncService - 🔄 Synchronizing Customers from Chargebee...
2026-04-02 11:52:23.867 [pool-4-thread-3] INFO  c.b.services.ChargebeeSyncService - 🔄 Synchronizing Orders from Chargebee...
2026-04-02 11:52:25.694 [pool-4-thread-3] INFO  c.b.services.ChargebeeSyncService - Processing 2 orders from Chargebee
2026-04-02 11:52:26.148 [pool-4-thread-3] INFO  c.b.services.ChargebeeSyncService - 📊 Orders sync completed - Total: 2, New: 0, Updated: 2
2026-04-02 11:52:26.384 [pool-4-thread-1] INFO  c.b.services.ChargebeeSyncService - Processing 20 items from Chargebee
2026-04-02 11:52:26.710 [pool-4-thread-2] INFO  c.b.services.ChargebeeSyncService - Processing 31 customers from Chargebee
2026-04-02 11:52:27.061 [pool-4-thread-1] INFO  c.b.services.ChargebeeSyncService - 📊 Items sync completed - Total: 20, New: 0, Updated: 20
2026-04-02 11:52:27.062 [pool-4-thread-3] INFO  c.b.services.ChargebeeSyncService - 🔄 Synchronizing Item Prices from Chargebee...
2026-04-02 11:52:27.063 [pool-4-thread-1] INFO  c.b.services.ChargebeeSyncService - 🔄 Synchronizing Subscriptions from Chargebee...
2026-04-02 11:52:27.636 [pool-4-thread-2] INFO  c.b.services.ChargebeeSyncService - 📊 Customers sync completed - Total: 31, New: 0, Updated: 31
2026-04-02 11:52:28.401 [pool-4-thread-1] INFO  c.b.services.ChargebeeSyncService - Processing 16 subscriptions from Chargebee
2026-04-02 11:52:28.746 [pool-4-thread-3] INFO  c.b.services.ChargebeeSyncService - Processing 32 item prices from Chargebee
2026-04-02 11:52:29.034 [pool-4-thread-1] INFO  c.b.services.ChargebeeSyncService - 📊 Subscriptions sync completed - Total: 16, New: 0, Updated: 16
2026-04-02 11:52:29.455 [pool-4-thread-3] INFO  c.b.services.ChargebeeSyncService - 📊 Item Prices sync completed - Total: 32, New: 0, Updated: 32, Orphaned: 0
2026-04-02 11:52:29.456 [main] INFO  c.b.services.ChargebeeSyncService - ✅ Chargebee data synchronization completed successfully!
2026-04-02 11:55:55.563 [main] INFO  c.b.services.ChargebeeSyncService - 🚀 Starting Chargebee data synchronization on application startup...
2026-04-02 11:55:55.567 [pool-4-thread-1] INFO  c.b.services.ChargebeeSyncService - 🔄 Synchronizing Items from Chargebee...
2026-04-02 11:55:55.567 [pool-4-thread-2] INFO  c.b.services.ChargebeeSyncService - 🔄 Synchronizing Customers from Chargebee...
2026-04-02 11:55:55.568 [pool-4-thread-3] INFO  c.b.services.ChargebeeSyncService - 🔄 Synchronizing Orders from Chargebee...
2026-04-02 11:55:57.501 [pool-4-thread-3] INFO  c.b.services.ChargebeeSyncService - Processing 2 orders from Chargebee
2026-04-02 11:55:57.855 [pool-4-thread-1] INFO  c.b.services.ChargebeeSyncService - Processing 20 items from Chargebee
2026-04-02 11:55:57.979 [pool-4-thread-3] INFO  c.b.services.ChargebeeSyncService - 📊 Orders sync completed - Total: 2, New: 0, Updated: 2
2026-04-02 11:55:58.268 [pool-4-thread-2] INFO  c.b.services.ChargebeeSyncService - Processing 31 customers from Chargebee
2026-04-02 11:55:58.296 [pool-4-thread-1] INFO  c.b.services.ChargebeeSyncService - 📊 Items sync completed - Total: 20, New: 0, Updated: 20
2026-04-02 11:55:58.297 [pool-4-thread-3] INFO  c.b.services.ChargebeeSyncService - 🔄 Synchronizing Item Prices from Chargebee...
2026-04-02 11:55:58.297 [pool-4-thread-1] INFO  c.b.services.ChargebeeSyncService - 🔄 Synchronizing Subscriptions from Chargebee...
2026-04-02 11:55:59.097 [pool-4-thread-2] INFO  c.b.services.ChargebeeSyncService - 📊 Customers sync completed - Total: 31, New: 0, Updated: 31
2026-04-02 11:55:59.193 [pool-4-thread-1] INFO  c.b.services.ChargebeeSyncService - Processing 16 subscriptions from Chargebee
2026-04-02 11:55:59.850 [pool-4-thread-1] INFO  c.b.services.ChargebeeSyncService - 📊 Subscriptions sync completed - Total: 16, New: 0, Updated: 16
2026-04-02 11:56:00.002 [pool-4-thread-3] INFO  c.b.services.ChargebeeSyncService - Processing 32 item prices from Chargebee
2026-04-02 11:56:00.802 [pool-4-thread-3] INFO  c.b.services.ChargebeeSyncService - 📊 Item Prices sync completed - Total: 32, New: 0, Updated: 32, Orphaned: 0
2026-04-02 11:56:00.802 [main] INFO  c.b.services.ChargebeeSyncService - ✅ Chargebee data synchronization completed successfully!
2026-04-02 11:57:03.679 [main] INFO  c.b.services.ChargebeeSyncService - 🚀 Starting Chargebee data synchronization on application startup...
2026-04-02 11:57:03.683 [pool-4-thread-1] INFO  c.b.services.ChargebeeSyncService - 🔄 Synchronizing Items from Chargebee...
2026-04-02 11:57:03.684 [pool-4-thread-2] INFO  c.b.services.ChargebeeSyncService - 🔄 Synchronizing Customers from Chargebee...
2026-04-02 11:57:03.684 [pool-4-thread-3] INFO  c.b.services.ChargebeeSyncService - 🔄 Synchronizing Orders from Chargebee...
2026-04-02 11:57:05.882 [pool-4-thread-3] INFO  c.b.services.ChargebeeSyncService - Processing 2 orders from Chargebee
2026-04-02 11:57:06.377 [pool-4-thread-1] INFO  c.b.services.ChargebeeSyncService - Processing 20 items from Chargebee
2026-04-02 11:57:06.382 [pool-4-thread-3] INFO  c.b.services.ChargebeeSyncService - 📊 Orders sync completed - Total: 2, New: 0, Updated: 2
2026-04-02 11:57:06.873 [pool-4-thread-2] INFO  c.b.services.ChargebeeSyncService - Processing 31 customers from Chargebee
2026-04-02 11:57:07.133 [pool-4-thread-1] INFO  c.b.services.ChargebeeSyncService - 📊 Items sync completed - Total: 20, New: 0, Updated: 20
2026-04-02 11:57:07.134 [pool-4-thread-3] INFO  c.b.services.ChargebeeSyncService - 🔄 Synchronizing Item Prices from Chargebee...
2026-04-02 11:57:07.135 [pool-4-thread-1] INFO  c.b.services.ChargebeeSyncService - 🔄 Synchronizing Subscriptions from Chargebee...
2026-04-02 11:57:07.534 [pool-4-thread-3] INFO  c.b.services.ChargebeeSyncService - Processing 32 item prices from Chargebee
2026-04-02 11:57:07.766 [pool-4-thread-2] INFO  c.b.services.ChargebeeSyncService - 📊 Customers sync completed - Total: 31, New: 0, Updated: 31
2026-04-02 11:57:08.406 [pool-4-thread-3] INFO  c.b.services.ChargebeeSyncService - 📊 Item Prices sync completed - Total: 32, New: 0, Updated: 32, Orphaned: 0
2026-04-02 11:57:09.088 [pool-4-thread-1] INFO  c.b.services.ChargebeeSyncService - Processing 16 subscriptions from Chargebee
2026-04-02 11:57:09.698 [pool-4-thread-1] INFO  c.b.services.ChargebeeSyncService - 📊 Subscriptions sync completed - Total: 16, New: 0, Updated: 16
2026-04-02 11:57:09.698 [main] INFO  c.b.services.ChargebeeSyncService - ✅ Chargebee data synchronization completed successfully!
2026-04-02 11:58:45.790 [main] INFO  c.b.services.ChargebeeSyncService - 🚀 Starting Chargebee data synchronization on application startup...
2026-04-02 11:58:45.794 [pool-4-thread-1] INFO  c.b.services.ChargebeeSyncService - 🔄 Synchronizing Items from Chargebee...
2026-04-02 11:58:45.796 [pool-4-thread-2] INFO  c.b.services.ChargebeeSyncService - 🔄 Synchronizing Customers from Chargebee...
2026-04-02 11:58:45.796 [pool-4-thread-3] INFO  c.b.services.ChargebeeSyncService - 🔄 Synchronizing Orders from Chargebee...
2026-04-02 11:58:47.542 [pool-4-thread-3] INFO  c.b.services.ChargebeeSyncService - Processing 2 orders from Chargebee
2026-04-02 11:58:47.942 [pool-4-thread-3] INFO  c.b.services.ChargebeeSyncService - 📊 Orders sync completed - Total: 2, New: 0, Updated: 2
2026-04-02 11:58:48.246 [pool-4-thread-1] INFO  c.b.services.ChargebeeSyncService - Processing 20 items from Chargebee
2026-04-02 11:58:48.281 [pool-4-thread-2] INFO  c.b.services.ChargebeeSyncService - Processing 32 customers from Chargebee
2026-04-02 11:58:48.888 [pool-4-thread-1] INFO  c.b.services.ChargebeeSyncService - 📊 Items sync completed - Total: 20, New: 0, Updated: 20
2026-04-02 11:58:48.889 [pool-4-thread-3] INFO  c.b.services.ChargebeeSyncService - 🔄 Synchronizing Item Prices from Chargebee...
2026-04-02 11:58:48.890 [pool-4-thread-1] INFO  c.b.services.ChargebeeSyncService - 🔄 Synchronizing Subscriptions from Chargebee...
2026-04-02 11:58:49.323 [pool-4-thread-2] INFO  c.b.services.ChargebeeSyncService - 📊 Customers sync completed - Total: 32, New: 1, Updated: 31
2026-04-02 11:58:49.888 [pool-4-thread-3] INFO  c.b.services.ChargebeeSyncService - Processing 32 item prices from Chargebee
2026-04-02 11:58:50.760 [pool-4-thread-3] INFO  c.b.services.ChargebeeSyncService - 📊 Item Prices sync completed - Total: 32, New: 0, Updated: 32, Orphaned: 0
2026-04-02 11:58:51.157 [pool-4-thread-1] INFO  c.b.services.ChargebeeSyncService - Processing 16 subscriptions from Chargebee
2026-04-02 11:58:51.654 [pool-4-thread-1] INFO  c.b.services.ChargebeeSyncService - 📊 Subscriptions sync completed - Total: 16, New: 0, Updated: 16
2026-04-02 11:58:51.654 [main] INFO  c.b.services.ChargebeeSyncService - ✅ Chargebee data synchronization completed successfully!
2026-04-02 12:00:58.888 [main] INFO  c.b.services.ChargebeeSyncService - 🚀 Starting Chargebee data synchronization on application startup...
2026-04-02 12:00:58.894 [pool-4-thread-1] INFO  c.b.services.ChargebeeSyncService - 🔄 Synchronizing Items from Chargebee...
2026-04-02 12:00:58.895 [pool-4-thread-2] INFO  c.b.services.ChargebeeSyncService - 🔄 Synchronizing Customers from Chargebee...
2026-04-02 12:00:58.897 [pool-4-thread-3] INFO  c.b.services.ChargebeeSyncService - 🔄 Synchronizing Orders from Chargebee...
2026-04-02 12:01:00.847 [pool-4-thread-3] INFO  c.b.services.ChargebeeSyncService - Processing 2 orders from Chargebee
2026-04-02 12:01:01.170 [pool-4-thread-1] INFO  c.b.services.ChargebeeSyncService - Processing 20 items from Chargebee
2026-04-02 12:01:01.341 [pool-4-thread-3] INFO  c.b.services.ChargebeeSyncService - 📊 Orders sync completed - Total: 2, New: 0, Updated: 2
2026-04-02 12:01:01.532 [pool-4-thread-2] INFO  c.b.services.ChargebeeSyncService - Processing 32 customers from Chargebee
2026-04-02 12:01:01.736 [pool-4-thread-1] INFO  c.b.services.ChargebeeSyncService - 📊 Items sync completed - Total: 20, New: 0, Updated: 20
2026-04-02 12:01:01.737 [pool-4-thread-3] INFO  c.b.services.ChargebeeSyncService - 🔄 Synchronizing Item Prices from Chargebee...
2026-04-02 12:01:01.738 [pool-4-thread-1] INFO  c.b.services.ChargebeeSyncService - 🔄 Synchronizing Subscriptions from Chargebee...
2026-04-02 12:01:02.154 [pool-4-thread-3] INFO  c.b.services.ChargebeeSyncService - Processing 32 item prices from Chargebee
2026-04-02 12:01:02.475 [pool-4-thread-2] INFO  c.b.services.ChargebeeSyncService - 📊 Customers sync completed - Total: 32, New: 0, Updated: 32
2026-04-02 12:01:02.897 [pool-4-thread-3] INFO  c.b.services.ChargebeeSyncService - 📊 Item Prices sync completed - Total: 32, New: 0, Updated: 32, Orphaned: 0
2026-04-02 12:01:03.635 [pool-4-thread-1] INFO  c.b.services.ChargebeeSyncService - Processing 16 subscriptions from Chargebee
2026-04-02 12:01:04.179 [pool-4-thread-1] INFO  c.b.services.ChargebeeSyncService - 📊 Subscriptions sync completed - Total: 16, New: 0, Updated: 16
2026-04-02 12:01:04.179 [main] INFO  c.b.services.ChargebeeSyncService - ✅ Chargebee data synchronization completed successfully!
