2026-03-25 00:00:00.682 [main] INFO  c.b.services.ChargebeeSyncService - 📛 Chargebee startup sync is disabled. Skipping synchronization.
2026-03-25 00:02:00.185 [main] INFO  c.b.services.ChargebeeSyncService - 🚀 Starting Chargebee data synchronization on application startup...
2026-03-25 00:02:00.187 [pool-3-thread-1] INFO  c.b.services.ChargebeeSyncService - 🔄 Synchronizing Items from Chargebee...
2026-03-25 00:02:00.187 [pool-3-thread-2] INFO  c.b.services.ChargebeeSyncService - 🔄 Synchronizing Customers from Chargebee...
2026-03-25 00:02:00.187 [pool-3-thread-3] INFO  c.b.services.ChargebeeSyncService - 🔄 Synchronizing Orders from Chargebee...
2026-03-25 00:02:01.538 [pool-3-thread-3] INFO  c.b.services.ChargebeeSyncService - Processing 2 orders from Chargebee
2026-03-25 00:02:01.788 [pool-3-thread-1] INFO  c.b.services.ChargebeeSyncService - Processing 20 items from Chargebee
2026-03-25 00:02:01.874 [pool-3-thread-3] INFO  c.b.services.ChargebeeSyncService - 📊 Orders sync completed - Total: 2, New: 0, Updated: 2
2026-03-25 00:02:02.431 [pool-3-thread-1] INFO  c.b.services.ChargebeeSyncService - 📊 Items sync completed - Total: 20, New: 0, Updated: 20
2026-03-25 00:02:02.433 [pool-3-thread-3] INFO  c.b.services.ChargebeeSyncService - 🔄 Synchronizing Item Prices from Chargebee...
2026-03-25 00:02:02.433 [pool-3-thread-1] INFO  c.b.services.ChargebeeSyncService - 🔄 Synchronizing Subscriptions from Chargebee...
2026-03-25 00:02:02.553 [pool-3-thread-2] INFO  c.b.services.ChargebeeSyncService - Processing 31 customers from Chargebee
2026-03-25 00:02:03.582 [pool-3-thread-2] INFO  c.b.services.ChargebeeSyncService - 📊 Customers sync completed - Total: 31, New: 4, Updated: 27
2026-03-25 00:02:04.090 [pool-3-thread-3] INFO  c.b.services.ChargebeeSyncService - Processing 32 item prices from Chargebee
2026-03-25 00:02:04.720 [pool-3-thread-3] INFO  c.b.services.ChargebeeSyncService - 📊 Item Prices sync completed - Total: 32, New: 0, Updated: 32, Orphaned: 0
2026-03-25 00:02:05.106 [pool-3-thread-1] INFO  c.b.services.ChargebeeSyncService - Processing 16 subscriptions from Chargebee
2026-03-25 00:02:05.462 [pool-3-thread-1] INFO  c.b.services.ChargebeeSyncService - 📊 Subscriptions sync completed - Total: 16, New: 0, Updated: 16
2026-03-25 00:02:05.463 [main] INFO  c.b.services.ChargebeeSyncService - ✅ Chargebee data synchronization completed successfully!
2026-03-25 00:09:45.286 [main] INFO  c.b.services.ChargebeeSyncService - 🚀 Starting Chargebee data synchronization on application startup...
2026-03-25 00:09:45.288 [pool-3-thread-2] INFO  c.b.services.ChargebeeSyncService - 🔄 Synchronizing Customers from Chargebee...
2026-03-25 00:09:45.288 [pool-3-thread-3] INFO  c.b.services.ChargebeeSyncService - 🔄 Synchronizing Orders from Chargebee...
2026-03-25 00:09:45.288 [pool-3-thread-1] INFO  c.b.services.ChargebeeSyncService - 🔄 Synchronizing Items from Chargebee...
2026-03-25 00:09:46.641 [pool-3-thread-3] INFO  c.b.services.ChargebeeSyncService - Processing 2 orders from Chargebee
2026-03-25 00:09:46.814 [pool-3-thread-3] INFO  c.b.services.ChargebeeSyncService - 📊 Orders sync completed - Total: 2, New: 0, Updated: 2
2026-03-25 00:09:46.946 [pool-3-thread-1] INFO  c.b.services.ChargebeeSyncService - Processing 20 items from Chargebee
2026-03-25 00:09:47.381 [pool-3-thread-2] INFO  c.b.services.ChargebeeSyncService - Processing 31 customers from Chargebee
2026-03-25 00:09:47.458 [pool-3-thread-1] INFO  c.b.services.ChargebeeSyncService - 📊 Items sync completed - Total: 20, New: 0, Updated: 20
2026-03-25 00:09:47.459 [pool-3-thread-3] INFO  c.b.services.ChargebeeSyncService - 🔄 Synchronizing Item Prices from Chargebee...
2026-03-25 00:09:47.459 [pool-3-thread-1] INFO  c.b.services.ChargebeeSyncService - 🔄 Synchronizing Subscriptions from Chargebee...
2026-03-25 00:09:47.910 [pool-3-thread-2] INFO  c.b.services.ChargebeeSyncService - 📊 Customers sync completed - Total: 31, New: 0, Updated: 31
2026-03-25 00:09:48.224 [pool-3-thread-1] INFO  c.b.services.ChargebeeSyncService - Processing 16 subscriptions from Chargebee
2026-03-25 00:09:48.547 [pool-3-thread-1] INFO  c.b.services.ChargebeeSyncService - 📊 Subscriptions sync completed - Total: 16, New: 0, Updated: 16
2026-03-25 00:09:48.849 [pool-3-thread-3] INFO  c.b.services.ChargebeeSyncService - Processing 32 item prices from Chargebee
2026-03-25 00:09:49.147 [pool-3-thread-3] INFO  c.b.services.ChargebeeSyncService - 📊 Item Prices sync completed - Total: 32, New: 0, Updated: 32, Orphaned: 0
2026-03-25 00:09:49.147 [main] INFO  c.b.services.ChargebeeSyncService - ✅ Chargebee data synchronization completed successfully!
2026-03-25 00:13:10.912 [main] INFO  c.b.services.ChargebeeSyncService - 🚀 Starting Chargebee data synchronization on application startup...
2026-03-25 00:13:10.914 [pool-3-thread-3] INFO  c.b.services.ChargebeeSyncService - 🔄 Synchronizing Orders from Chargebee...
2026-03-25 00:13:10.914 [pool-3-thread-2] INFO  c.b.services.ChargebeeSyncService - 🔄 Synchronizing Customers from Chargebee...
2026-03-25 00:13:10.914 [pool-3-thread-1] INFO  c.b.services.ChargebeeSyncService - 🔄 Synchronizing Items from Chargebee...
2026-03-25 00:13:12.508 [pool-3-thread-3] INFO  c.b.services.ChargebeeSyncService - Processing 2 orders from Chargebee
2026-03-25 00:13:12.688 [pool-3-thread-3] INFO  c.b.services.ChargebeeSyncService - 📊 Orders sync completed - Total: 2, New: 0, Updated: 2
2026-03-25 00:13:12.825 [pool-3-thread-1] INFO  c.b.services.ChargebeeSyncService - Processing 20 items from Chargebee
2026-03-25 00:13:13.147 [pool-3-thread-1] INFO  c.b.services.ChargebeeSyncService - 📊 Items sync completed - Total: 20, New: 0, Updated: 20
2026-03-25 00:13:13.149 [pool-3-thread-3] INFO  c.b.services.ChargebeeSyncService - 🔄 Synchronizing Item Prices from Chargebee...
2026-03-25 00:13:13.149 [pool-3-thread-1] INFO  c.b.services.ChargebeeSyncService - 🔄 Synchronizing Subscriptions from Chargebee...
2026-03-25 00:13:13.187 [pool-3-thread-2] INFO  c.b.services.ChargebeeSyncService - Processing 31 customers from Chargebee
2026-03-25 00:13:13.589 [pool-3-thread-2] INFO  c.b.services.ChargebeeSyncService - 📊 Customers sync completed - Total: 31, New: 0, Updated: 31
2026-03-25 00:13:13.873 [pool-3-thread-3] INFO  c.b.services.ChargebeeSyncService - Processing 32 item prices from Chargebee
2026-03-25 00:13:14.199 [pool-3-thread-3] INFO  c.b.services.ChargebeeSyncService - 📊 Item Prices sync completed - Total: 32, New: 0, Updated: 32, Orphaned: 0
2026-03-25 00:13:14.921 [pool-3-thread-1] INFO  c.b.services.ChargebeeSyncService - Processing 16 subscriptions from Chargebee
2026-03-25 00:13:15.223 [pool-3-thread-1] INFO  c.b.services.ChargebeeSyncService - 📊 Subscriptions sync completed - Total: 16, New: 0, Updated: 16
2026-03-25 00:13:15.224 [main] INFO  c.b.services.ChargebeeSyncService - ✅ Chargebee data synchronization completed successfully!
2026-03-25 09:58:58.977 [main] INFO  c.b.services.ChargebeeSyncService - 🚀 Starting Chargebee data synchronization on application startup...
2026-03-25 09:58:58.978 [pool-3-thread-2] INFO  c.b.services.ChargebeeSyncService - 🔄 Synchronizing Customers from Chargebee...
2026-03-25 09:58:58.979 [pool-3-thread-3] INFO  c.b.services.ChargebeeSyncService - 🔄 Synchronizing Orders from Chargebee...
2026-03-25 09:58:58.979 [pool-3-thread-1] INFO  c.b.services.ChargebeeSyncService - 🔄 Synchronizing Items from Chargebee...
2026-03-25 09:59:00.816 [pool-3-thread-3] INFO  c.b.services.ChargebeeSyncService - Processing 2 orders from Chargebee
2026-03-25 09:59:00.992 [pool-3-thread-1] INFO  c.b.services.ChargebeeSyncService - Processing 20 items from Chargebee
2026-03-25 09:59:01.192 [pool-3-thread-3] INFO  c.b.services.ChargebeeSyncService - 📊 Orders sync completed - Total: 2, New: 0, Updated: 2
2026-03-25 09:59:01.405 [pool-3-thread-1] INFO  c.b.services.ChargebeeSyncService - 📊 Items sync completed - Total: 20, New: 0, Updated: 20
2026-03-25 09:59:01.406 [pool-3-thread-1] INFO  c.b.services.ChargebeeSyncService - 🔄 Synchronizing Subscriptions from Chargebee...
2026-03-25 09:59:01.406 [pool-3-thread-3] INFO  c.b.services.ChargebeeSyncService - 🔄 Synchronizing Item Prices from Chargebee...
2026-03-25 09:59:01.447 [pool-3-thread-2] INFO  c.b.services.ChargebeeSyncService - Processing 31 customers from Chargebee
2026-03-25 09:59:01.925 [pool-3-thread-3] INFO  c.b.services.ChargebeeSyncService - Processing 32 item prices from Chargebee
2026-03-25 09:59:02.187 [pool-3-thread-2] INFO  c.b.services.ChargebeeSyncService - 📊 Customers sync completed - Total: 31, New: 0, Updated: 31
2026-03-25 09:59:02.440 [pool-3-thread-3] INFO  c.b.services.ChargebeeSyncService - 📊 Item Prices sync completed - Total: 32, New: 0, Updated: 32, Orphaned: 0
2026-03-25 09:59:03.583 [pool-3-thread-1] INFO  c.b.services.ChargebeeSyncService - Processing 16 subscriptions from Chargebee
2026-03-25 09:59:03.904 [pool-3-thread-1] INFO  c.b.services.ChargebeeSyncService - 📊 Subscriptions sync completed - Total: 16, New: 0, Updated: 16
2026-03-25 09:59:03.905 [main] INFO  c.b.services.ChargebeeSyncService - ✅ Chargebee data synchronization completed successfully!
2026-03-25 14:52:07.908 [main] INFO  c.b.services.ChargebeeSyncService - 🚀 Starting Chargebee data synchronization on application startup...
2026-03-25 14:52:07.910 [pool-3-thread-1] INFO  c.b.services.ChargebeeSyncService - 🔄 Synchronizing Items from Chargebee...
2026-03-25 14:52:07.910 [pool-3-thread-2] INFO  c.b.services.ChargebeeSyncService - 🔄 Synchronizing Customers from Chargebee...
2026-03-25 14:52:07.910 [pool-3-thread-3] INFO  c.b.services.ChargebeeSyncService - 🔄 Synchronizing Orders from Chargebee...
2026-03-25 14:52:09.424 [pool-3-thread-3] INFO  c.b.services.ChargebeeSyncService - Processing 2 orders from Chargebee
2026-03-25 14:52:09.578 [pool-3-thread-3] INFO  c.b.services.ChargebeeSyncService - 📊 Orders sync completed - Total: 2, New: 0, Updated: 2
2026-03-25 14:52:09.751 [pool-3-thread-1] INFO  c.b.services.ChargebeeSyncService - Processing 20 items from Chargebee
2026-03-25 14:52:10.044 [pool-3-thread-1] INFO  c.b.services.ChargebeeSyncService - 📊 Items sync completed - Total: 20, New: 0, Updated: 20
2026-03-25 14:52:10.045 [pool-3-thread-2] INFO  c.b.services.ChargebeeSyncService - Processing 31 customers from Chargebee
2026-03-25 14:52:10.045 [pool-3-thread-3] INFO  c.b.services.ChargebeeSyncService - 🔄 Synchronizing Item Prices from Chargebee...
2026-03-25 14:52:10.046 [pool-3-thread-1] INFO  c.b.services.ChargebeeSyncService - 🔄 Synchronizing Subscriptions from Chargebee...
2026-03-25 14:52:10.430 [pool-3-thread-2] INFO  c.b.services.ChargebeeSyncService - 📊 Customers sync completed - Total: 31, New: 0, Updated: 31
2026-03-25 14:52:10.499 [pool-3-thread-3] INFO  c.b.services.ChargebeeSyncService - Processing 32 item prices from Chargebee
2026-03-25 14:52:10.747 [pool-3-thread-3] INFO  c.b.services.ChargebeeSyncService - 📊 Item Prices sync completed - Total: 32, New: 0, Updated: 32, Orphaned: 0
2026-03-25 14:52:12.286 [pool-3-thread-1] INFO  c.b.services.ChargebeeSyncService - Processing 16 subscriptions from Chargebee
2026-03-25 14:52:12.480 [pool-3-thread-1] INFO  c.b.services.ChargebeeSyncService - 📊 Subscriptions sync completed - Total: 16, New: 0, Updated: 16
2026-03-25 14:52:12.480 [main] INFO  c.b.services.ChargebeeSyncService - ✅ Chargebee data synchronization completed successfully!
2026-03-25 16:01:32.318 [main] INFO  c.b.services.ChargebeeSyncService - 🚀 Starting Chargebee data synchronization on application startup...
2026-03-25 16:01:32.320 [pool-3-thread-1] INFO  c.b.services.ChargebeeSyncService - 🔄 Synchronizing Items from Chargebee...
2026-03-25 16:01:32.320 [pool-3-thread-2] INFO  c.b.services.ChargebeeSyncService - 🔄 Synchronizing Customers from Chargebee...
2026-03-25 16:01:32.320 [pool-3-thread-3] INFO  c.b.services.ChargebeeSyncService - 🔄 Synchronizing Orders from Chargebee...
2026-03-25 16:01:33.761 [pool-3-thread-3] INFO  c.b.services.ChargebeeSyncService - Processing 2 orders from Chargebee
2026-03-25 16:01:33.899 [pool-3-thread-3] INFO  c.b.services.ChargebeeSyncService - 📊 Orders sync completed - Total: 2, New: 0, Updated: 2
2026-03-25 16:01:34.070 [pool-3-thread-1] INFO  c.b.services.ChargebeeSyncService - Processing 20 items from Chargebee
2026-03-25 16:01:34.414 [pool-3-thread-1] INFO  c.b.services.ChargebeeSyncService - 📊 Items sync completed - Total: 20, New: 0, Updated: 20
2026-03-25 16:01:34.415 [pool-3-thread-3] INFO  c.b.services.ChargebeeSyncService - 🔄 Synchronizing Item Prices from Chargebee...
2026-03-25 16:01:34.415 [pool-3-thread-1] INFO  c.b.services.ChargebeeSyncService - 🔄 Synchronizing Subscriptions from Chargebee...
2026-03-25 16:01:34.445 [pool-3-thread-2] INFO  c.b.services.ChargebeeSyncService - Processing 31 customers from Chargebee
2026-03-25 16:01:34.804 [pool-3-thread-2] INFO  c.b.services.ChargebeeSyncService - 📊 Customers sync completed - Total: 31, New: 0, Updated: 31
2026-03-25 16:01:34.984 [pool-3-thread-3] INFO  c.b.services.ChargebeeSyncService - Processing 32 item prices from Chargebee
2026-03-25 16:01:35.223 [pool-3-thread-3] INFO  c.b.services.ChargebeeSyncService - 📊 Item Prices sync completed - Total: 32, New: 0, Updated: 32, Orphaned: 0
2026-03-25 16:01:36.869 [pool-3-thread-1] INFO  c.b.services.ChargebeeSyncService - Processing 16 subscriptions from Chargebee
2026-03-25 16:01:37.096 [pool-3-thread-1] INFO  c.b.services.ChargebeeSyncService - 📊 Subscriptions sync completed - Total: 16, New: 0, Updated: 16
2026-03-25 16:01:37.097 [main] INFO  c.b.services.ChargebeeSyncService - ✅ Chargebee data synchronization completed successfully!
2026-03-25 16:05:04.763 [main] INFO  c.b.services.ChargebeeSyncService - 🚀 Starting Chargebee data synchronization on application startup...
2026-03-25 16:05:04.764 [pool-3-thread-2] INFO  c.b.services.ChargebeeSyncService - 🔄 Synchronizing Customers from Chargebee...
2026-03-25 16:05:04.764 [pool-3-thread-3] INFO  c.b.services.ChargebeeSyncService - 🔄 Synchronizing Orders from Chargebee...
2026-03-25 16:05:04.764 [pool-3-thread-1] INFO  c.b.services.ChargebeeSyncService - 🔄 Synchronizing Items from Chargebee...
2026-03-25 16:05:06.083 [pool-3-thread-3] INFO  c.b.services.ChargebeeSyncService - Processing 2 orders from Chargebee
2026-03-25 16:05:06.218 [pool-3-thread-3] INFO  c.b.services.ChargebeeSyncService - 📊 Orders sync completed - Total: 2, New: 0, Updated: 2
2026-03-25 16:05:06.409 [pool-3-thread-1] INFO  c.b.services.ChargebeeSyncService - Processing 20 items from Chargebee
2026-03-25 16:05:06.682 [pool-3-thread-1] INFO  c.b.services.ChargebeeSyncService - 📊 Items sync completed - Total: 20, New: 0, Updated: 20
2026-03-25 16:05:06.684 [pool-3-thread-3] INFO  c.b.services.ChargebeeSyncService - 🔄 Synchronizing Item Prices from Chargebee...
2026-03-25 16:05:06.684 [pool-3-thread-1] INFO  c.b.services.ChargebeeSyncService - 🔄 Synchronizing Subscriptions from Chargebee...
2026-03-25 16:05:06.812 [pool-3-thread-2] INFO  c.b.services.ChargebeeSyncService - Processing 31 customers from Chargebee
2026-03-25 16:05:07.198 [pool-3-thread-2] INFO  c.b.services.ChargebeeSyncService - 📊 Customers sync completed - Total: 31, New: 0, Updated: 31
2026-03-25 16:05:08.225 [pool-3-thread-3] INFO  c.b.services.ChargebeeSyncService - Processing 32 item prices from Chargebee
2026-03-25 16:05:08.476 [pool-3-thread-3] INFO  c.b.services.ChargebeeSyncService - 📊 Item Prices sync completed - Total: 32, New: 0, Updated: 32, Orphaned: 0
2026-03-25 16:05:08.506 [pool-3-thread-1] INFO  c.b.services.ChargebeeSyncService - Processing 16 subscriptions from Chargebee
2026-03-25 16:05:08.730 [pool-3-thread-1] INFO  c.b.services.ChargebeeSyncService - 📊 Subscriptions sync completed - Total: 16, New: 0, Updated: 16
2026-03-25 16:05:08.730 [main] INFO  c.b.services.ChargebeeSyncService - ✅ Chargebee data synchronization completed successfully!
2026-03-25 16:07:19.594 [main] INFO  c.b.services.ChargebeeSyncService - 🚀 Starting Chargebee data synchronization on application startup...
2026-03-25 16:07:19.595 [pool-3-thread-1] INFO  c.b.services.ChargebeeSyncService - 🔄 Synchronizing Items from Chargebee...
2026-03-25 16:07:19.596 [pool-3-thread-2] INFO  c.b.services.ChargebeeSyncService - 🔄 Synchronizing Customers from Chargebee...
2026-03-25 16:07:19.596 [pool-3-thread-3] INFO  c.b.services.ChargebeeSyncService - 🔄 Synchronizing Orders from Chargebee...
2026-03-25 16:07:21.088 [pool-3-thread-3] INFO  c.b.services.ChargebeeSyncService - Processing 2 orders from Chargebee
2026-03-25 16:07:21.225 [pool-3-thread-3] INFO  c.b.services.ChargebeeSyncService - 📊 Orders sync completed - Total: 2, New: 0, Updated: 2
2026-03-25 16:07:21.408 [pool-3-thread-1] INFO  c.b.services.ChargebeeSyncService - Processing 20 items from Chargebee
2026-03-25 16:07:21.725 [pool-3-thread-1] INFO  c.b.services.ChargebeeSyncService - 📊 Items sync completed - Total: 20, New: 0, Updated: 20
2026-03-25 16:07:21.726 [pool-3-thread-3] INFO  c.b.services.ChargebeeSyncService - 🔄 Synchronizing Item Prices from Chargebee...
2026-03-25 16:07:21.726 [pool-3-thread-1] INFO  c.b.services.ChargebeeSyncService - 🔄 Synchronizing Subscriptions from Chargebee...
2026-03-25 16:07:21.852 [pool-3-thread-2] INFO  c.b.services.ChargebeeSyncService - Processing 31 customers from Chargebee
2026-03-25 16:07:22.232 [pool-3-thread-2] INFO  c.b.services.ChargebeeSyncService - 📊 Customers sync completed - Total: 31, New: 0, Updated: 31
2026-03-25 16:07:22.890 [pool-3-thread-1] INFO  c.b.services.ChargebeeSyncService - Processing 16 subscriptions from Chargebee
2026-03-25 16:07:23.116 [pool-3-thread-1] INFO  c.b.services.ChargebeeSyncService - 📊 Subscriptions sync completed - Total: 16, New: 0, Updated: 16
2026-03-25 16:07:23.383 [pool-3-thread-3] INFO  c.b.services.ChargebeeSyncService - Processing 32 item prices from Chargebee
2026-03-25 16:07:23.598 [pool-3-thread-3] INFO  c.b.services.ChargebeeSyncService - 📊 Item Prices sync completed - Total: 32, New: 0, Updated: 32, Orphaned: 0
2026-03-25 16:07:23.598 [main] INFO  c.b.services.ChargebeeSyncService - ✅ Chargebee data synchronization completed successfully!
2026-03-25 16:09:10.736 [main] INFO  c.b.services.ChargebeeSyncService - 🚀 Starting Chargebee data synchronization on application startup...
2026-03-25 16:09:10.738 [pool-3-thread-1] INFO  c.b.services.ChargebeeSyncService - 🔄 Synchronizing Items from Chargebee...
2026-03-25 16:09:10.738 [pool-3-thread-2] INFO  c.b.services.ChargebeeSyncService - 🔄 Synchronizing Customers from Chargebee...
2026-03-25 16:09:10.738 [pool-3-thread-3] INFO  c.b.services.ChargebeeSyncService - 🔄 Synchronizing Orders from Chargebee...
2026-03-25 16:09:11.956 [pool-3-thread-3] INFO  c.b.services.ChargebeeSyncService - Processing 2 orders from Chargebee
2026-03-25 16:09:12.135 [pool-3-thread-3] INFO  c.b.services.ChargebeeSyncService - 📊 Orders sync completed - Total: 2, New: 0, Updated: 2
2026-03-25 16:09:12.446 [pool-3-thread-1] INFO  c.b.services.ChargebeeSyncService - Processing 20 items from Chargebee
2026-03-25 16:09:12.744 [pool-3-thread-1] INFO  c.b.services.ChargebeeSyncService - 📊 Items sync completed - Total: 20, New: 0, Updated: 20
2026-03-25 16:09:12.745 [pool-3-thread-3] INFO  c.b.services.ChargebeeSyncService - 🔄 Synchronizing Item Prices from Chargebee...
2026-03-25 16:09:12.745 [pool-3-thread-1] INFO  c.b.services.ChargebeeSyncService - 🔄 Synchronizing Subscriptions from Chargebee...
2026-03-25 16:09:12.807 [pool-3-thread-2] INFO  c.b.services.ChargebeeSyncService - Processing 31 customers from Chargebee
2026-03-25 16:09:13.247 [pool-3-thread-2] INFO  c.b.services.ChargebeeSyncService - 📊 Customers sync completed - Total: 31, New: 0, Updated: 31
2026-03-25 16:09:14.252 [pool-3-thread-3] INFO  c.b.services.ChargebeeSyncService - Processing 32 item prices from Chargebee
2026-03-25 16:09:14.585 [pool-3-thread-3] INFO  c.b.services.ChargebeeSyncService - 📊 Item Prices sync completed - Total: 32, New: 0, Updated: 32, Orphaned: 0
2026-03-25 16:09:14.941 [pool-3-thread-1] INFO  c.b.services.ChargebeeSyncService - Processing 16 subscriptions from Chargebee
2026-03-25 16:09:15.213 [pool-3-thread-1] INFO  c.b.services.ChargebeeSyncService - 📊 Subscriptions sync completed - Total: 16, New: 0, Updated: 16
2026-03-25 16:09:15.214 [main] INFO  c.b.services.ChargebeeSyncService - ✅ Chargebee data synchronization completed successfully!
2026-03-25 16:11:06.549 [main] INFO  c.b.services.ChargebeeSyncService - 🚀 Starting Chargebee data synchronization on application startup...
2026-03-25 16:11:06.551 [pool-3-thread-1] INFO  c.b.services.ChargebeeSyncService - 🔄 Synchronizing Items from Chargebee...
2026-03-25 16:11:06.551 [pool-3-thread-2] INFO  c.b.services.ChargebeeSyncService - 🔄 Synchronizing Customers from Chargebee...
2026-03-25 16:11:06.551 [pool-3-thread-3] INFO  c.b.services.ChargebeeSyncService - 🔄 Synchronizing Orders from Chargebee...
2026-03-25 16:11:08.276 [pool-3-thread-3] INFO  c.b.services.ChargebeeSyncService - Processing 2 orders from Chargebee
2026-03-25 16:11:08.410 [pool-3-thread-3] INFO  c.b.services.ChargebeeSyncService - 📊 Orders sync completed - Total: 2, New: 0, Updated: 2
2026-03-25 16:11:08.682 [pool-3-thread-1] INFO  c.b.services.ChargebeeSyncService - Processing 20 items from Chargebee
2026-03-25 16:11:08.874 [pool-3-thread-1] INFO  c.b.services.ChargebeeSyncService - 📊 Items sync completed - Total: 20, New: 0, Updated: 20
2026-03-25 16:11:08.875 [pool-3-thread-3] INFO  c.b.services.ChargebeeSyncService - 🔄 Synchronizing Item Prices from Chargebee...
2026-03-25 16:11:08.875 [pool-3-thread-1] INFO  c.b.services.ChargebeeSyncService - 🔄 Synchronizing Subscriptions from Chargebee...
2026-03-25 16:11:09.089 [pool-3-thread-2] INFO  c.b.services.ChargebeeSyncService - Processing 31 customers from Chargebee
2026-03-25 16:11:09.466 [pool-3-thread-2] INFO  c.b.services.ChargebeeSyncService - 📊 Customers sync completed - Total: 31, New: 0, Updated: 31
2026-03-25 16:11:09.648 [pool-3-thread-3] INFO  c.b.services.ChargebeeSyncService - Processing 32 item prices from Chargebee
2026-03-25 16:11:09.894 [pool-3-thread-3] INFO  c.b.services.ChargebeeSyncService - 📊 Item Prices sync completed - Total: 32, New: 0, Updated: 32, Orphaned: 0
2026-03-25 16:11:10.858 [pool-3-thread-1] INFO  c.b.services.ChargebeeSyncService - Processing 16 subscriptions from Chargebee
2026-03-25 16:11:11.090 [pool-3-thread-1] INFO  c.b.services.ChargebeeSyncService - 📊 Subscriptions sync completed - Total: 16, New: 0, Updated: 16
2026-03-25 16:11:11.090 [main] INFO  c.b.services.ChargebeeSyncService - ✅ Chargebee data synchronization completed successfully!
