2026-05-17 00:49:53.054 [http-nio-0.0.0.0-8080-exec-1] ERROR o.a.c.c.C.[.[.[.[dispatcherServlet] - Servlet.service() for servlet [dispatcherServlet] in context with path [] threw exception [Request processing failed: org.springframework.transaction.TransactionSystemException: Could not commit JPA transaction] with root cause
jakarta.validation.ConstraintViolationException: Validation failed for classes [com.bookmyjuice.models.User] during persist time for groups [jakarta.validation.groups.Default, ]
List of constraint violations:[
	ConstraintViolationImpl{interpolatedMessage='size must be between 0 and 20', propertyPath=username, rootBeanClass=class com.bookmyjuice.models.User, messageTemplate='{jakarta.validation.constraints.Size.message}'}
]
	at org.hibernate.boot.beanvalidation.BeanValidationEventListener.validate(BeanValidationEventListener.java:151)
	at org.hibernate.boot.beanvalidation.BeanValidationEventListener.onPreInsert(BeanValidationEventListener.java:81)
	at org.hibernate.action.internal.EntityInsertAction.preInsert(EntityInsertAction.java:215)
	at org.hibernate.action.internal.EntityInsertAction.execute(EntityInsertAction.java:98)
	at org.hibernate.engine.spi.ActionQueue.executeActions(ActionQueue.java:618)
	at org.hibernate.engine.spi.ActionQueue.lambda$executeActions$1(ActionQueue.java:489)
	at java.base/java.util.LinkedHashMap.forEach(LinkedHashMap.java:986)
	at org.hibernate.engine.spi.ActionQueue.executeActions(ActionQueue.java:486)
	at org.hibernate.event.internal.AbstractFlushingEventListener.performExecutions(AbstractFlushingEventListener.java:358)
	at org.hibernate.event.internal.DefaultFlushEventListener.onFlush(DefaultFlushEventListener.java:39)
	at org.hibernate.event.service.internal.EventListenerGroupImpl.fireEventOnEachListener(EventListenerGroupImpl.java:127)
	at org.hibernate.internal.SessionImpl.doFlush(SessionImpl.java:1412)
	at org.hibernate.internal.SessionImpl.managedFlush(SessionImpl.java:485)
	at org.hibernate.internal.SessionImpl.flushBeforeTransactionCompletion(SessionImpl.java:2296)
	at org.hibernate.internal.SessionImpl.beforeTransactionCompletion(SessionImpl.java:1961)
	at org.hibernate.engine.jdbc.internal.JdbcCoordinatorImpl.beforeTransactionCompletion(JdbcCoordinatorImpl.java:439)
	at org.hibernate.resource.transaction.backend.jdbc.internal.JdbcResourceLocalTransactionCoordinatorImpl.beforeCompletionCallback(JdbcResourceLocalTransactionCoordinatorImpl.java:169)
	at org.hibernate.resource.transaction.backend.jdbc.internal.JdbcResourceLocalTransactionCoordinatorImpl$TransactionDriverControlImpl.commit(JdbcResourceLocalTransactionCoordinatorImpl.java:267)
	at org.hibernate.engine.transaction.internal.TransactionImpl.commit(TransactionImpl.java:101)
	at org.springframework.orm.jpa.JpaTransactionManager.doCommit(JpaTransactionManager.java:561)
	at org.springframework.transaction.support.AbstractPlatformTransactionManager.processCommit(AbstractPlatformTransactionManager.java:743)
	at org.springframework.transaction.support.AbstractPlatformTransactionManager.commit(AbstractPlatformTransactionManager.java:711)
	at org.springframework.transaction.interceptor.TransactionAspectSupport.commitTransactionAfterReturning(TransactionAspectSupport.java:660)
	at org.springframework.transaction.interceptor.TransactionAspectSupport.invokeWithinTransaction(TransactionAspectSupport.java:410)
	at org.springframework.transaction.interceptor.TransactionInterceptor.invoke(TransactionInterceptor.java:119)
	at org.springframework.aop.framework.ReflectiveMethodInvocation.proceed(ReflectiveMethodInvocation.java:184)
	at org.springframework.dao.support.PersistenceExceptionTranslationInterceptor.invoke(PersistenceExceptionTranslationInterceptor.java:137)
	at org.springframework.aop.framework.ReflectiveMethodInvocation.proceed(ReflectiveMethodInvocation.java:184)
	at org.springframework.data.jpa.repository.support.CrudMethodMetadataPostProcessor$CrudMethodMetadataPopulatingMethodInterceptor.invoke(CrudMethodMetadataPostProcessor.java:163)
	at org.springframework.aop.framework.ReflectiveMethodInvocation.proceed(ReflectiveMethodInvocation.java:184)
	at org.springframework.aop.interceptor.ExposeInvocationInterceptor.invoke(ExposeInvocationInterceptor.java:97)
	at org.springframework.aop.framework.ReflectiveMethodInvocation.proceed(ReflectiveMethodInvocation.java:184)
	at org.springframework.aop.framework.JdkDynamicAopProxy.invoke(JdkDynamicAopProxy.java:223)
	at jdk.proxy2/jdk.proxy2.$Proxy161.save(Unknown Source)
	at com.bookmyjuice.controllers.AuthController.unifiedSignup(AuthController.java:608)
	at java.base/jdk.internal.reflect.DirectMethodHandleAccessor.invoke(DirectMethodHandleAccessor.java:103)
	at java.base/java.lang.reflect.Method.invoke(Method.java:580)
	at org.springframework.aop.support.AopUtils.invokeJoinpointUsingReflection(AopUtils.java:343)
	at org.springframework.aop.framework.CglibAopProxy$DynamicAdvisedInterceptor.intercept(CglibAopProxy.java:698)
	at com.bookmyjuice.controllers.AuthController$$SpringCGLIB$$0.unifiedSignup(<generated>)
	at java.base/jdk.internal.reflect.DirectMethodHandleAccessor.invoke(DirectMethodHandleAccessor.java:103)
	at java.base/java.lang.reflect.Method.invoke(Method.java:580)
	at org.springframework.web.method.support.InvocableHandlerMethod.doInvoke(InvocableHandlerMethod.java:207)
	at org.springframework.web.method.support.InvocableHandlerMethod.invokeForRequest(InvocableHandlerMethod.java:152)
	at org.springframework.web.servlet.mvc.method.annotation.ServletInvocableHandlerMethod.invokeAndHandle(ServletInvocableHandlerMethod.java:118)
	at org.springframework.web.servlet.mvc.method.annotation.RequestMappingHandlerAdapter.invokeHandlerMethod(RequestMappingHandlerAdapter.java:884)
	at org.springframework.web.servlet.mvc.method.annotation.RequestMappingHandlerAdapter.handleInternal(RequestMappingHandlerAdapter.java:797)
	at org.springframework.web.servlet.mvc.method.AbstractHandlerMethodAdapter.handle(AbstractHandlerMethodAdapter.java:87)
	at org.springframework.web.servlet.DispatcherServlet.doDispatch(DispatcherServlet.java:1081)
	at org.springframework.web.servlet.DispatcherServlet.doService(DispatcherServlet.java:974)
	at org.springframework.web.servlet.FrameworkServlet.processRequest(FrameworkServlet.java:1011)
	at org.springframework.web.servlet.FrameworkServlet.doPost(FrameworkServlet.java:914)
	at jakarta.servlet.http.HttpServlet.service(HttpServlet.java:590)
	at org.springframework.web.servlet.FrameworkServlet.service(FrameworkServlet.java:885)
	at jakarta.servlet.http.HttpServlet.service(HttpServlet.java:658)
	at org.apache.catalina.core.ApplicationFilterChain.internalDoFilter(ApplicationFilterChain.java:205)
	at org.apache.catalina.core.ApplicationFilterChain.doFilter(ApplicationFilterChain.java:149)
	at org.apache.tomcat.websocket.server.WsFilter.doFilter(WsFilter.java:51)
	at org.apache.catalina.core.ApplicationFilterChain.internalDoFilter(ApplicationFilterChain.java:174)
	at org.apache.catalina.core.ApplicationFilterChain.doFilter(ApplicationFilterChain.java:149)
	at org.springframework.web.filter.OncePerRequestFilter.doFilter(OncePerRequestFilter.java:110)
	at org.apache.catalina.core.ApplicationFilterChain.internalDoFilter(ApplicationFilterChain.java:174)
	at org.apache.catalina.core.ApplicationFilterChain.doFilter(ApplicationFilterChain.java:149)
	at org.springframework.web.filter.OncePerRequestFilter.doFilter(OncePerRequestFilter.java:101)
	at org.apache.catalina.core.ApplicationFilterChain.internalDoFilter(ApplicationFilterChain.java:174)
	at org.apache.catalina.core.ApplicationFilterChain.doFilter(ApplicationFilterChain.java:149)
	at org.springframework.security.web.FilterChainProxy.lambda$doFilterInternal$3(FilterChainProxy.java:231)
	at org.springframework.security.web.ObservationFilterChainDecorator$FilterObservation$SimpleFilterObservation.lambda$wrap$1(ObservationFilterChainDecorator.java:477)
	at org.springframework.security.web.ObservationFilterChainDecorator$AroundFilterObservation$SimpleAroundFilterObservation.lambda$wrap$1(ObservationFilterChainDecorator.java:338)
	at org.springframework.security.web.ObservationFilterChainDecorator.lambda$wrapSecured$0(ObservationFilterChainDecorator.java:80)
	at org.springframework.security.web.ObservationFilterChainDecorator$VirtualFilterChain.doFilter(ObservationFilterChainDecorator.java:126)
	at org.springframework.security.web.access.intercept.AuthorizationFilter.doFilter(AuthorizationFilter.java:100)
	at org.springframework.security.web.ObservationFilterChainDecorator$ObservationFilter.wrapFilter(ObservationFilterChainDecorator.java:238)
	at org.springframework.security.web.ObservationFilterChainDecorator$ObservationFilter.doFilter(ObservationFilterChainDecorator.java:225)
	at org.springframework.security.web.ObservationFilterChainDecorator$VirtualFilterChain.doFilter(ObservationFilterChainDecorator.java:135)
	at org.springframework.security.web.access.ExceptionTranslationFilter.doFilter(ExceptionTranslationFilter.java:126)
	at org.springframework.security.web.access.ExceptionTranslationFilter.doFilter(ExceptionTranslationFilter.java:120)
	at org.springframework.security.web.ObservationFilterChainDecorator$ObservationFilter.wrapFilter(ObservationFilterChainDecorator.java:238)
	at org.springframework.security.web.ObservationFilterChainDecorator$ObservationFilter.doFilter(ObservationFilterChainDecorator.java:225)
	at org.springframework.security.web.ObservationFilterChainDecorator$VirtualFilterChain.doFilter(ObservationFilterChainDecorator.java:135)
	at org.springframework.security.web.session.SessionManagementFilter.doFilter(SessionManagementFilter.java:131)
	at org.springframework.security.web.session.SessionManagementFilter.doFilter(SessionManagementFilter.java:85)
	at org.springframework.security.web.ObservationFilterChainDecorator$ObservationFilter.wrapFilter(ObservationFilterChainDecorator.java:238)
	at org.springframework.security.web.ObservationFilterChainDecorator$ObservationFilter.doFilter(ObservationFilterChainDecorator.java:225)
	at org.springframework.security.web.ObservationFilterChainDecorator$VirtualFilterChain.doFilter(ObservationFilterChainDecorator.java:135)
	at org.springframework.security.web.authentication.AnonymousAuthenticationFilter.doFilter(AnonymousAuthenticationFilter.java:100)
	at org.springframework.security.web.ObservationFilterChainDecorator$ObservationFilter.wrapFilter(ObservationFilterChainDecorator.java:238)
	at org.springframework.security.web.ObservationFilterChainDecorator$ObservationFilter.doFilter(ObservationFilterChainDecorator.java:225)
	at org.springframework.security.web.ObservationFilterChainDecorator$VirtualFilterChain.doFilter(ObservationFilterChainDecorator.java:135)
	at org.springframework.security.web.servletapi.SecurityContextHolderAwareRequestFilter.doFilter(SecurityContextHolderAwareRequestFilter.java:179)
	at org.springframework.security.web.ObservationFilterChainDecorator$ObservationFilter.wrapFilter(ObservationFilterChainDecorator.java:238)
	at org.springframework.security.web.ObservationFilterChainDecorator$ObservationFilter.doFilter(ObservationFilterChainDecorator.java:225)
	at org.springframework.security.web.ObservationFilterChainDecorator$VirtualFilterChain.doFilter(ObservationFilterChainDecorator.java:135)
	at org.springframework.security.web.savedrequest.RequestCacheAwareFilter.doFilter(RequestCacheAwareFilter.java:63)
	at org.springframework.security.web.ObservationFilterChainDecorator$ObservationFilter.wrapFilter(ObservationFilterChainDecorator.java:238)
	at org.springframework.security.web.ObservationFilterChainDecorator$ObservationFilter.doFilter(ObservationFilterChainDecorator.java:225)
	at org.springframework.security.web.ObservationFilterChainDecorator$VirtualFilterChain.doFilter(ObservationFilterChainDecorator.java:135)
	at com.bookmyjuice.security.jwt.AuthTokenFilter.doFilterInternal(AuthTokenFilter.java:76)
	at org.springframework.web.filter.OncePerRequestFilter.doFilter(OncePerRequestFilter.java:116)
	at org.springframework.security.web.ObservationFilterChainDecorator$ObservationFilter.wrapFilter(ObservationFilterChainDecorator.java:238)
	at org.springframework.security.web.ObservationFilterChainDecorator$ObservationFilter.doFilter(ObservationFilterChainDecorator.java:225)
	at org.springframework.security.web.ObservationFilterChainDecorator$VirtualFilterChain.doFilter(ObservationFilterChainDecorator.java:135)
	at org.springframework.web.filter.OncePerRequestFilter.doFilter(OncePerRequestFilter.java:101)
	at org.springframework.security.web.ObservationFilterChainDecorator$ObservationFilter.wrapFilter(ObservationFilterChainDecorator.java:238)
	at org.springframework.security.web.ObservationFilterChainDecorator$ObservationFilter.doFilter(ObservationFilterChainDecorator.java:225)
	at org.springframework.security.web.ObservationFilterChainDecorator$VirtualFilterChain.doFilter(ObservationFilterChainDecorator.java:135)
	at org.springframework.security.web.authentication.logout.LogoutFilter.doFilter(LogoutFilter.java:107)
	at org.springframework.security.web.authentication.logout.LogoutFilter.doFilter(LogoutFilter.java:93)
	at org.springframework.security.web.ObservationFilterChainDecorator$ObservationFilter.wrapFilter(ObservationFilterChainDecorator.java:238)
	at org.springframework.security.web.ObservationFilterChainDecorator$ObservationFilter.doFilter(ObservationFilterChainDecorator.java:225)
	at org.springframework.security.web.ObservationFilterChainDecorator$VirtualFilterChain.doFilter(ObservationFilterChainDecorator.java:135)
	at org.springframework.web.filter.CorsFilter.doFilterInternal(CorsFilter.java:91)
	at org.springframework.web.filter.OncePerRequestFilter.doFilter(OncePerRequestFilter.java:116)
	at org.springframework.security.web.ObservationFilterChainDecorator$ObservationFilter.wrapFilter(ObservationFilterChainDecorator.java:238)
	at org.springframework.security.web.ObservationFilterChainDecorator$ObservationFilter.doFilter(ObservationFilterChainDecorator.java:225)
	at org.springframework.security.web.ObservationFilterChainDecorator$VirtualFilterChain.doFilter(ObservationFilterChainDecorator.java:135)
	at org.springframework.security.web.header.HeaderWriterFilter.doHeadersAfter(HeaderWriterFilter.java:90)
	at org.springframework.security.web.header.HeaderWriterFilter.doFilterInternal(HeaderWriterFilter.java:75)
	at org.springframework.web.filter.OncePerRequestFilter.doFilter(OncePerRequestFilter.java:116)
	at org.springframework.security.web.ObservationFilterChainDecorator$ObservationFilter.wrapFilter(ObservationFilterChainDecorator.java:238)
	at org.springframework.security.web.ObservationFilterChainDecorator$ObservationFilter.doFilter(ObservationFilterChainDecorator.java:225)
	at org.springframework.security.web.ObservationFilterChainDecorator$VirtualFilterChain.doFilter(ObservationFilterChainDecorator.java:135)
	at org.springframework.security.web.context.SecurityContextHolderFilter.doFilter(SecurityContextHolderFilter.java:82)
	at org.springframework.security.web.context.SecurityContextHolderFilter.doFilter(SecurityContextHolderFilter.java:69)
	at org.springframework.security.web.ObservationFilterChainDecorator$ObservationFilter.wrapFilter(ObservationFilterChainDecorator.java:238)
	at org.springframework.security.web.ObservationFilterChainDecorator$ObservationFilter.doFilter(ObservationFilterChainDecorator.java:225)
	at org.springframework.security.web.ObservationFilterChainDecorator$VirtualFilterChain.doFilter(ObservationFilterChainDecorator.java:135)
	at org.springframework.security.web.context.request.async.WebAsyncManagerIntegrationFilter.doFilterInternal(WebAsyncManagerIntegrationFilter.java:62)
	at org.springframework.web.filter.OncePerRequestFilter.doFilter(OncePerRequestFilter.java:116)
	at org.springframework.security.web.ObservationFilterChainDecorator$ObservationFilter.wrapFilter(ObservationFilterChainDecorator.java:238)
	at org.springframework.security.web.ObservationFilterChainDecorator$ObservationFilter.doFilter(ObservationFilterChainDecorator.java:225)
	at org.springframework.security.web.ObservationFilterChainDecorator$VirtualFilterChain.doFilter(ObservationFilterChainDecorator.java:135)
	at org.springframework.security.web.session.DisableEncodeUrlFilter.doFilterInternal(DisableEncodeUrlFilter.java:42)
	at org.springframework.web.filter.OncePerRequestFilter.doFilter(OncePerRequestFilter.java:116)
	at org.springframework.security.web.ObservationFilterChainDecorator$ObservationFilter.wrapFilter(ObservationFilterChainDecorator.java:238)
	at org.springframework.security.web.ObservationFilterChainDecorator$AroundFilterObservation$SimpleAroundFilterObservation.lambda$wrap$0(ObservationFilterChainDecorator.java:321)
	at org.springframework.security.web.ObservationFilterChainDecorator$ObservationFilter.doFilter(ObservationFilterChainDecorator.java:222)
	at org.springframework.security.web.ObservationFilterChainDecorator$VirtualFilterChain.doFilter(ObservationFilterChainDecorator.java:135)
	at org.springframework.security.web.FilterChainProxy.doFilterInternal(FilterChainProxy.java:233)
	at org.springframework.security.web.FilterChainProxy.doFilter(FilterChainProxy.java:191)
	at org.springframework.web.filter.DelegatingFilterProxy.invokeDelegate(DelegatingFilterProxy.java:352)
	at org.springframework.web.filter.DelegatingFilterProxy.doFilter(DelegatingFilterProxy.java:268)
	at org.apache.catalina.core.ApplicationFilterChain.internalDoFilter(ApplicationFilterChain.java:174)
	at org.apache.catalina.core.ApplicationFilterChain.doFilter(ApplicationFilterChain.java:149)
	at org.springframework.web.filter.RequestContextFilter.doFilterInternal(RequestContextFilter.java:100)
	at org.springframework.web.filter.OncePerRequestFilter.doFilter(OncePerRequestFilter.java:116)
	at org.apache.catalina.core.ApplicationFilterChain.internalDoFilter(ApplicationFilterChain.java:174)
	at org.apache.catalina.core.ApplicationFilterChain.doFilter(ApplicationFilterChain.java:149)
	at org.springframework.web.filter.FormContentFilter.doFilterInternal(FormContentFilter.java:93)
	at org.springframework.web.filter.OncePerRequestFilter.doFilter(OncePerRequestFilter.java:116)
	at org.apache.catalina.core.ApplicationFilterChain.internalDoFilter(ApplicationFilterChain.java:174)
	at org.apache.catalina.core.ApplicationFilterChain.doFilter(ApplicationFilterChain.java:149)
	at org.springframework.web.filter.ServerHttpObservationFilter.doFilterInternal(ServerHttpObservationFilter.java:109)
	at org.springframework.web.filter.OncePerRequestFilter.doFilter(OncePerRequestFilter.java:116)
	at org.apache.catalina.core.ApplicationFilterChain.internalDoFilter(ApplicationFilterChain.java:174)
	at org.apache.catalina.core.ApplicationFilterChain.doFilter(ApplicationFilterChain.java:149)
	at org.springframework.web.filter.CharacterEncodingFilter.doFilterInternal(CharacterEncodingFilter.java:201)
	at org.springframework.web.filter.OncePerRequestFilter.doFilter(OncePerRequestFilter.java:116)
	at org.apache.catalina.core.ApplicationFilterChain.internalDoFilter(ApplicationFilterChain.java:174)
	at org.apache.catalina.core.ApplicationFilterChain.doFilter(ApplicationFilterChain.java:149)
	at org.apache.catalina.core.StandardWrapperValve.invoke(StandardWrapperValve.java:166)
	at org.apache.catalina.core.StandardContextValve.invoke(StandardContextValve.java:90)
	at org.apache.catalina.authenticator.AuthenticatorBase.invoke(AuthenticatorBase.java:482)
	at org.apache.catalina.core.StandardHostValve.invoke(StandardHostValve.java:115)
	at org.apache.catalina.valves.ErrorReportValve.invoke(ErrorReportValve.java:93)
	at org.apache.catalina.core.StandardEngineValve.invoke(StandardEngineValve.java:74)
	at org.apache.catalina.connector.CoyoteAdapter.service(CoyoteAdapter.java:341)
	at org.apache.coyote.http11.Http11Processor.service(Http11Processor.java:390)
	at org.apache.coyote.AbstractProcessorLight.process(AbstractProcessorLight.java:63)
	at org.apache.coyote.AbstractProtocol$ConnectionHandler.process(AbstractProtocol.java:894)
	at org.apache.tomcat.util.net.NioEndpoint$SocketProcessor.doRun(NioEndpoint.java:1741)
	at org.apache.tomcat.util.net.SocketProcessorBase.run(SocketProcessorBase.java:52)
	at org.apache.tomcat.util.threads.ThreadPoolExecutor.runWorker(ThreadPoolExecutor.java:1191)
	at org.apache.tomcat.util.threads.ThreadPoolExecutor$Worker.run(ThreadPoolExecutor.java:659)
	at org.apache.tomcat.util.threads.TaskThread$WrappingRunnable.run(TaskThread.java:61)
	at java.base/java.lang.Thread.run(Thread.java:1583)
2026-05-17 00:49:53.067 [http-nio-0.0.0.0-8080-exec-1] ERROR c.b.security.jwt.AuthEntryPointJwt - Unauthorized error: Full authentication is required to access this resource
2026-05-17 01:24:11.402 [pool-3-thread-1] ERROR o.h.e.jdbc.spi.SqlExceptionHelper - Cannot add or update a child row: a foreign key constraint fails (`bmj_db`.`item_entity`, CONSTRAINT `FK3sawstokmhxprx46n29mt96px` FOREIGN KEY (`product_family_id`) REFERENCES `product_families` (`id`))
2026-05-17 01:24:11.411 [pool-3-thread-1] ERROR c.b.services.ChargebeeSyncService - ❌ Error processing item abc200: could not execute statement [Cannot add or update a child row: a foreign key constraint fails (`bmj_db`.`item_entity`, CONSTRAINT `FK3sawstokmhxprx46n29mt96px` FOREIGN KEY (`product_family_id`) REFERENCES `product_families` (`id`))] [update item_entity set archived=?,deleted=?,description=?,enabled_for_checkout=?,enabled_in_portal=?,external_name=?,giftable=?,json_object=?,meta_data=?,name=?,product_family_id=?,shippable=?,status=?,subscription_id=?,type=?,unit=? where id=?]; SQL [update item_entity set archived=?,deleted=?,description=?,enabled_for_checkout=?,enabled_in_portal=?,external_name=?,giftable=?,json_object=?,meta_data=?,name=?,product_family_id=?,shippable=?,status=?,subscription_id=?,type=?,unit=? where id=?]; constraint [null]
2026-05-17 01:24:11.432 [pool-3-thread-1] ERROR o.h.e.jdbc.spi.SqlExceptionHelper - Cannot add or update a child row: a foreign key constraint fails (`bmj_db`.`item_entity`, CONSTRAINT `FK3sawstokmhxprx46n29mt96px` FOREIGN KEY (`product_family_id`) REFERENCES `product_families` (`id`))
2026-05-17 01:24:11.436 [pool-3-thread-1] ERROR c.b.services.ChargebeeSyncService - ❌ Error processing item carrot300: could not execute statement [Cannot add or update a child row: a foreign key constraint fails (`bmj_db`.`item_entity`, CONSTRAINT `FK3sawstokmhxprx46n29mt96px` FOREIGN KEY (`product_family_id`) REFERENCES `product_families` (`id`))] [update item_entity set archived=?,deleted=?,description=?,enabled_for_checkout=?,enabled_in_portal=?,external_name=?,giftable=?,json_object=?,meta_data=?,name=?,product_family_id=?,shippable=?,status=?,subscription_id=?,type=?,unit=? where id=?]; SQL [update item_entity set archived=?,deleted=?,description=?,enabled_for_checkout=?,enabled_in_portal=?,external_name=?,giftable=?,json_object=?,meta_data=?,name=?,product_family_id=?,shippable=?,status=?,subscription_id=?,type=?,unit=? where id=?]; constraint [null]
2026-05-17 01:24:11.456 [pool-3-thread-1] ERROR o.h.e.jdbc.spi.SqlExceptionHelper - Cannot add or update a child row: a foreign key constraint fails (`bmj_db`.`item_entity`, CONSTRAINT `FK3sawstokmhxprx46n29mt96px` FOREIGN KEY (`product_family_id`) REFERENCES `product_families` (`id`))
2026-05-17 01:24:11.459 [pool-3-thread-1] ERROR c.b.services.ChargebeeSyncService - ❌ Error processing item pineapple300: could not execute statement [Cannot add or update a child row: a foreign key constraint fails (`bmj_db`.`item_entity`, CONSTRAINT `FK3sawstokmhxprx46n29mt96px` FOREIGN KEY (`product_family_id`) REFERENCES `product_families` (`id`))] [update item_entity set archived=?,deleted=?,description=?,enabled_for_checkout=?,enabled_in_portal=?,external_name=?,giftable=?,json_object=?,meta_data=?,name=?,product_family_id=?,shippable=?,status=?,subscription_id=?,type=?,unit=? where id=?]; SQL [update item_entity set archived=?,deleted=?,description=?,enabled_for_checkout=?,enabled_in_portal=?,external_name=?,giftable=?,json_object=?,meta_data=?,name=?,product_family_id=?,shippable=?,status=?,subscription_id=?,type=?,unit=? where id=?]; constraint [null]
2026-05-17 01:24:11.475 [pool-3-thread-1] ERROR o.h.e.jdbc.spi.SqlExceptionHelper - Cannot add or update a child row: a foreign key constraint fails (`bmj_db`.`item_entity`, CONSTRAINT `FK3sawstokmhxprx46n29mt96px` FOREIGN KEY (`product_family_id`) REFERENCES `product_families` (`id`))
2026-05-17 01:24:11.477 [pool-3-thread-1] ERROR c.b.services.ChargebeeSyncService - ❌ Error processing item daily_delight200: could not execute statement [Cannot add or update a child row: a foreign key constraint fails (`bmj_db`.`item_entity`, CONSTRAINT `FK3sawstokmhxprx46n29mt96px` FOREIGN KEY (`product_family_id`) REFERENCES `product_families` (`id`))] [update item_entity set archived=?,deleted=?,description=?,enabled_for_checkout=?,enabled_in_portal=?,external_name=?,giftable=?,json_object=?,meta_data=?,name=?,product_family_id=?,shippable=?,status=?,subscription_id=?,type=?,unit=? where id=?]; SQL [update item_entity set archived=?,deleted=?,description=?,enabled_for_checkout=?,enabled_in_portal=?,external_name=?,giftable=?,json_object=?,meta_data=?,name=?,product_family_id=?,shippable=?,status=?,subscription_id=?,type=?,unit=? where id=?]; constraint [null]
2026-05-17 01:24:11.493 [pool-3-thread-1] ERROR o.h.e.jdbc.spi.SqlExceptionHelper - Cannot add or update a child row: a foreign key constraint fails (`bmj_db`.`item_entity`, CONSTRAINT `FK3sawstokmhxprx46n29mt96px` FOREIGN KEY (`product_family_id`) REFERENCES `product_families` (`id`))
2026-05-17 01:24:11.497 [pool-3-thread-1] ERROR c.b.services.ChargebeeSyncService - ❌ Error processing item Signature300: could not execute statement [Cannot add or update a child row: a foreign key constraint fails (`bmj_db`.`item_entity`, CONSTRAINT `FK3sawstokmhxprx46n29mt96px` FOREIGN KEY (`product_family_id`) REFERENCES `product_families` (`id`))] [update item_entity set archived=?,deleted=?,description=?,enabled_for_checkout=?,enabled_in_portal=?,external_name=?,giftable=?,json_object=?,meta_data=?,name=?,product_family_id=?,shippable=?,status=?,subscription_id=?,type=?,unit=? where id=?]; SQL [update item_entity set archived=?,deleted=?,description=?,enabled_for_checkout=?,enabled_in_portal=?,external_name=?,giftable=?,json_object=?,meta_data=?,name=?,product_family_id=?,shippable=?,status=?,subscription_id=?,type=?,unit=? where id=?]; constraint [null]
2026-05-17 01:24:11.509 [pool-3-thread-1] ERROR o.h.e.jdbc.spi.SqlExceptionHelper - Cannot add or update a child row: a foreign key constraint fails (`bmj_db`.`item_entity`, CONSTRAINT `FK3sawstokmhxprx46n29mt96px` FOREIGN KEY (`product_family_id`) REFERENCES `product_families` (`id`))
2026-05-17 01:24:11.512 [pool-3-thread-1] ERROR c.b.services.ChargebeeSyncService - ❌ Error processing item Delight_300: could not execute statement [Cannot add or update a child row: a foreign key constraint fails (`bmj_db`.`item_entity`, CONSTRAINT `FK3sawstokmhxprx46n29mt96px` FOREIGN KEY (`product_family_id`) REFERENCES `product_families` (`id`))] [update item_entity set archived=?,deleted=?,description=?,enabled_for_checkout=?,enabled_in_portal=?,external_name=?,giftable=?,json_object=?,meta_data=?,name=?,product_family_id=?,shippable=?,status=?,subscription_id=?,type=?,unit=? where id=?]; SQL [update item_entity set archived=?,deleted=?,description=?,enabled_for_checkout=?,enabled_in_portal=?,external_name=?,giftable=?,json_object=?,meta_data=?,name=?,product_family_id=?,shippable=?,status=?,subscription_id=?,type=?,unit=? where id=?]; constraint [null]
2026-05-17 01:24:11.525 [pool-3-thread-1] ERROR o.h.e.jdbc.spi.SqlExceptionHelper - Cannot add or update a child row: a foreign key constraint fails (`bmj_db`.`item_entity`, CONSTRAINT `FK3sawstokmhxprx46n29mt96px` FOREIGN KEY (`product_family_id`) REFERENCES `product_families` (`id`))
2026-05-17 01:24:11.528 [pool-3-thread-1] ERROR c.b.services.ChargebeeSyncService - ❌ Error processing item ABC: could not execute statement [Cannot add or update a child row: a foreign key constraint fails (`bmj_db`.`item_entity`, CONSTRAINT `FK3sawstokmhxprx46n29mt96px` FOREIGN KEY (`product_family_id`) REFERENCES `product_families` (`id`))] [update item_entity set archived=?,deleted=?,description=?,enabled_for_checkout=?,enabled_in_portal=?,external_name=?,giftable=?,json_object=?,meta_data=?,name=?,product_family_id=?,shippable=?,status=?,subscription_id=?,type=?,unit=? where id=?]; SQL [update item_entity set archived=?,deleted=?,description=?,enabled_for_checkout=?,enabled_in_portal=?,external_name=?,giftable=?,json_object=?,meta_data=?,name=?,product_family_id=?,shippable=?,status=?,subscription_id=?,type=?,unit=? where id=?]; constraint [null]
2026-05-17 01:24:11.541 [pool-3-thread-1] ERROR o.h.e.jdbc.spi.SqlExceptionHelper - Cannot add or update a child row: a foreign key constraint fails (`bmj_db`.`item_entity`, CONSTRAINT `FK3sawstokmhxprx46n29mt96px` FOREIGN KEY (`product_family_id`) REFERENCES `product_families` (`id`))
2026-05-17 01:24:11.544 [pool-3-thread-1] ERROR c.b.services.ChargebeeSyncService - ❌ Error processing item meteredTest: could not execute statement [Cannot add or update a child row: a foreign key constraint fails (`bmj_db`.`item_entity`, CONSTRAINT `FK3sawstokmhxprx46n29mt96px` FOREIGN KEY (`product_family_id`) REFERENCES `product_families` (`id`))] [update item_entity set archived=?,deleted=?,description=?,enabled_for_checkout=?,enabled_in_portal=?,external_name=?,giftable=?,json_object=?,meta_data=?,name=?,product_family_id=?,shippable=?,status=?,subscription_id=?,type=?,unit=? where id=?]; SQL [update item_entity set archived=?,deleted=?,description=?,enabled_for_checkout=?,enabled_in_portal=?,external_name=?,giftable=?,json_object=?,meta_data=?,name=?,product_family_id=?,shippable=?,status=?,subscription_id=?,type=?,unit=? where id=?]; constraint [null]
2026-05-17 01:24:11.556 [pool-3-thread-1] ERROR o.h.e.jdbc.spi.SqlExceptionHelper - Cannot add or update a child row: a foreign key constraint fails (`bmj_db`.`item_entity`, CONSTRAINT `FK3sawstokmhxprx46n29mt96px` FOREIGN KEY (`product_family_id`) REFERENCES `product_families` (`id`))
2026-05-17 01:24:11.560 [pool-3-thread-1] ERROR c.b.services.ChargebeeSyncService - ❌ Error processing item delight300: could not execute statement [Cannot add or update a child row: a foreign key constraint fails (`bmj_db`.`item_entity`, CONSTRAINT `FK3sawstokmhxprx46n29mt96px` FOREIGN KEY (`product_family_id`) REFERENCES `product_families` (`id`))] [update item_entity set archived=?,deleted=?,description=?,enabled_for_checkout=?,enabled_in_portal=?,external_name=?,giftable=?,json_object=?,meta_data=?,name=?,product_family_id=?,shippable=?,status=?,subscription_id=?,type=?,unit=? where id=?]; SQL [update item_entity set archived=?,deleted=?,description=?,enabled_for_checkout=?,enabled_in_portal=?,external_name=?,giftable=?,json_object=?,meta_data=?,name=?,product_family_id=?,shippable=?,status=?,subscription_id=?,type=?,unit=? where id=?]; constraint [null]
2026-05-17 01:24:11.575 [pool-3-thread-1] ERROR o.h.e.jdbc.spi.SqlExceptionHelper - Cannot add or update a child row: a foreign key constraint fails (`bmj_db`.`item_entity`, CONSTRAINT `FK3sawstokmhxprx46n29mt96px` FOREIGN KEY (`product_family_id`) REFERENCES `product_families` (`id`))
2026-05-17 01:24:11.578 [pool-3-thread-1] ERROR c.b.services.ChargebeeSyncService - ❌ Error processing item premium200: could not execute statement [Cannot add or update a child row: a foreign key constraint fails (`bmj_db`.`item_entity`, CONSTRAINT `FK3sawstokmhxprx46n29mt96px` FOREIGN KEY (`product_family_id`) REFERENCES `product_families` (`id`))] [update item_entity set archived=?,deleted=?,description=?,enabled_for_checkout=?,enabled_in_portal=?,external_name=?,giftable=?,json_object=?,meta_data=?,name=?,product_family_id=?,shippable=?,status=?,subscription_id=?,type=?,unit=? where id=?]; SQL [update item_entity set archived=?,deleted=?,description=?,enabled_for_checkout=?,enabled_in_portal=?,external_name=?,giftable=?,json_object=?,meta_data=?,name=?,product_family_id=?,shippable=?,status=?,subscription_id=?,type=?,unit=? where id=?]; constraint [null]
2026-05-17 01:24:11.589 [pool-3-thread-1] ERROR o.h.e.jdbc.spi.SqlExceptionHelper - Cannot add or update a child row: a foreign key constraint fails (`bmj_db`.`item_entity`, CONSTRAINT `FK3sawstokmhxprx46n29mt96px` FOREIGN KEY (`product_family_id`) REFERENCES `product_families` (`id`))
2026-05-17 01:24:11.592 [pool-3-thread-1] ERROR c.b.services.ChargebeeSyncService - ❌ Error processing item premium300: could not execute statement [Cannot add or update a child row: a foreign key constraint fails (`bmj_db`.`item_entity`, CONSTRAINT `FK3sawstokmhxprx46n29mt96px` FOREIGN KEY (`product_family_id`) REFERENCES `product_families` (`id`))] [update item_entity set archived=?,deleted=?,description=?,enabled_for_checkout=?,enabled_in_portal=?,external_name=?,giftable=?,json_object=?,meta_data=?,name=?,product_family_id=?,shippable=?,status=?,subscription_id=?,type=?,unit=? where id=?]; SQL [update item_entity set archived=?,deleted=?,description=?,enabled_for_checkout=?,enabled_in_portal=?,external_name=?,giftable=?,json_object=?,meta_data=?,name=?,product_family_id=?,shippable=?,status=?,subscription_id=?,type=?,unit=? where id=?]; constraint [null]
2026-05-17 01:24:11.604 [pool-3-thread-1] ERROR o.h.e.jdbc.spi.SqlExceptionHelper - Cannot add or update a child row: a foreign key constraint fails (`bmj_db`.`item_entity`, CONSTRAINT `FK3sawstokmhxprx46n29mt96px` FOREIGN KEY (`product_family_id`) REFERENCES `product_families` (`id`))
2026-05-17 01:24:11.606 [pool-3-thread-1] ERROR c.b.services.ChargebeeSyncService - ❌ Error processing item cbdemo_one-time-setup-fee: could not execute statement [Cannot add or update a child row: a foreign key constraint fails (`bmj_db`.`item_entity`, CONSTRAINT `FK3sawstokmhxprx46n29mt96px` FOREIGN KEY (`product_family_id`) REFERENCES `product_families` (`id`))] [update item_entity set archived=?,deleted=?,description=?,enabled_for_checkout=?,enabled_in_portal=?,external_name=?,giftable=?,json_object=?,meta_data=?,name=?,product_family_id=?,shippable=?,status=?,subscription_id=?,type=?,unit=? where id=?]; SQL [update item_entity set archived=?,deleted=?,description=?,enabled_for_checkout=?,enabled_in_portal=?,external_name=?,giftable=?,json_object=?,meta_data=?,name=?,product_family_id=?,shippable=?,status=?,subscription_id=?,type=?,unit=? where id=?]; constraint [null]
2026-05-17 01:24:11.616 [pool-3-thread-1] ERROR o.h.e.jdbc.spi.SqlExceptionHelper - Cannot add or update a child row: a foreign key constraint fails (`bmj_db`.`item_entity`, CONSTRAINT `FK3sawstokmhxprx46n29mt96px` FOREIGN KEY (`product_family_id`) REFERENCES `product_families` (`id`))
2026-05-17 01:24:11.620 [pool-3-thread-1] ERROR c.b.services.ChargebeeSyncService - ❌ Error processing item cbdemo_data-compliance-addon: could not execute statement [Cannot add or update a child row: a foreign key constraint fails (`bmj_db`.`item_entity`, CONSTRAINT `FK3sawstokmhxprx46n29mt96px` FOREIGN KEY (`product_family_id`) REFERENCES `product_families` (`id`))] [update item_entity set archived=?,deleted=?,description=?,enabled_for_checkout=?,enabled_in_portal=?,external_name=?,giftable=?,json_object=?,meta_data=?,name=?,product_family_id=?,shippable=?,status=?,subscription_id=?,type=?,unit=? where id=?]; SQL [update item_entity set archived=?,deleted=?,description=?,enabled_for_checkout=?,enabled_in_portal=?,external_name=?,giftable=?,json_object=?,meta_data=?,name=?,product_family_id=?,shippable=?,status=?,subscription_id=?,type=?,unit=? where id=?]; constraint [null]
2026-05-17 01:24:11.631 [pool-3-thread-1] ERROR o.h.e.jdbc.spi.SqlExceptionHelper - Cannot add or update a child row: a foreign key constraint fails (`bmj_db`.`item_entity`, CONSTRAINT `FK3sawstokmhxprx46n29mt96px` FOREIGN KEY (`product_family_id`) REFERENCES `product_families` (`id`))
2026-05-17 01:24:11.633 [pool-3-thread-1] ERROR c.b.services.ChargebeeSyncService - ❌ Error processing item cbdemo_quality-control-addon: could not execute statement [Cannot add or update a child row: a foreign key constraint fails (`bmj_db`.`item_entity`, CONSTRAINT `FK3sawstokmhxprx46n29mt96px` FOREIGN KEY (`product_family_id`) REFERENCES `product_families` (`id`))] [update item_entity set archived=?,deleted=?,description=?,enabled_for_checkout=?,enabled_in_portal=?,external_name=?,giftable=?,json_object=?,meta_data=?,name=?,product_family_id=?,shippable=?,status=?,subscription_id=?,type=?,unit=? where id=?]; SQL [update item_entity set archived=?,deleted=?,description=?,enabled_for_checkout=?,enabled_in_portal=?,external_name=?,giftable=?,json_object=?,meta_data=?,name=?,product_family_id=?,shippable=?,status=?,subscription_id=?,type=?,unit=? where id=?]; constraint [null]
2026-05-17 01:24:11.645 [pool-3-thread-1] ERROR o.h.e.jdbc.spi.SqlExceptionHelper - Cannot add or update a child row: a foreign key constraint fails (`bmj_db`.`item_entity`, CONSTRAINT `FK3sawstokmhxprx46n29mt96px` FOREIGN KEY (`product_family_id`) REFERENCES `product_families` (`id`))
2026-05-17 01:24:11.648 [pool-3-thread-1] ERROR c.b.services.ChargebeeSyncService - ❌ Error processing item cbdemo_workforce-optimizer-addon: could not execute statement [Cannot add or update a child row: a foreign key constraint fails (`bmj_db`.`item_entity`, CONSTRAINT `FK3sawstokmhxprx46n29mt96px` FOREIGN KEY (`product_family_id`) REFERENCES `product_families` (`id`))] [update item_entity set archived=?,deleted=?,description=?,enabled_for_checkout=?,enabled_in_portal=?,external_name=?,giftable=?,json_object=?,meta_data=?,name=?,product_family_id=?,shippable=?,status=?,subscription_id=?,type=?,unit=? where id=?]; SQL [update item_entity set archived=?,deleted=?,description=?,enabled_for_checkout=?,enabled_in_portal=?,external_name=?,giftable=?,json_object=?,meta_data=?,name=?,product_family_id=?,shippable=?,status=?,subscription_id=?,type=?,unit=? where id=?]; constraint [null]
2026-05-17 01:24:11.659 [pool-3-thread-1] ERROR o.h.e.jdbc.spi.SqlExceptionHelper - Cannot add or update a child row: a foreign key constraint fails (`bmj_db`.`item_entity`, CONSTRAINT `FK3sawstokmhxprx46n29mt96px` FOREIGN KEY (`product_family_id`) REFERENCES `product_families` (`id`))
2026-05-17 01:24:11.662 [pool-3-thread-1] ERROR c.b.services.ChargebeeSyncService - ❌ Error processing item cbdemo_ai-boost-addon: could not execute statement [Cannot add or update a child row: a foreign key constraint fails (`bmj_db`.`item_entity`, CONSTRAINT `FK3sawstokmhxprx46n29mt96px` FOREIGN KEY (`product_family_id`) REFERENCES `product_families` (`id`))] [update item_entity set archived=?,deleted=?,description=?,enabled_for_checkout=?,enabled_in_portal=?,external_name=?,giftable=?,json_object=?,meta_data=?,name=?,product_family_id=?,shippable=?,status=?,subscription_id=?,type=?,unit=? where id=?]; SQL [update item_entity set archived=?,deleted=?,description=?,enabled_for_checkout=?,enabled_in_portal=?,external_name=?,giftable=?,json_object=?,meta_data=?,name=?,product_family_id=?,shippable=?,status=?,subscription_id=?,type=?,unit=? where id=?]; constraint [null]
2026-05-17 01:24:11.674 [pool-3-thread-1] ERROR o.h.e.jdbc.spi.SqlExceptionHelper - Cannot add or update a child row: a foreign key constraint fails (`bmj_db`.`item_entity`, CONSTRAINT `FK3sawstokmhxprx46n29mt96px` FOREIGN KEY (`product_family_id`) REFERENCES `product_families` (`id`))
2026-05-17 01:24:11.677 [pool-3-thread-1] ERROR c.b.services.ChargebeeSyncService - ❌ Error processing item cbdemo_enterprise-suite: could not execute statement [Cannot add or update a child row: a foreign key constraint fails (`bmj_db`.`item_entity`, CONSTRAINT `FK3sawstokmhxprx46n29mt96px` FOREIGN KEY (`product_family_id`) REFERENCES `product_families` (`id`))] [update item_entity set archived=?,deleted=?,description=?,enabled_for_checkout=?,enabled_in_portal=?,external_name=?,giftable=?,json_object=?,meta_data=?,name=?,product_family_id=?,shippable=?,status=?,subscription_id=?,type=?,unit=? where id=?]; SQL [update item_entity set archived=?,deleted=?,description=?,enabled_for_checkout=?,enabled_in_portal=?,external_name=?,giftable=?,json_object=?,meta_data=?,name=?,product_family_id=?,shippable=?,status=?,subscription_id=?,type=?,unit=? where id=?]; constraint [null]
2026-05-17 01:24:11.687 [pool-3-thread-1] ERROR o.h.e.jdbc.spi.SqlExceptionHelper - Cannot add or update a child row: a foreign key constraint fails (`bmj_db`.`item_entity`, CONSTRAINT `FK3sawstokmhxprx46n29mt96px` FOREIGN KEY (`product_family_id`) REFERENCES `product_families` (`id`))
2026-05-17 01:24:11.690 [pool-3-thread-1] ERROR c.b.services.ChargebeeSyncService - ❌ Error processing item cbdemo_business-suite: could not execute statement [Cannot add or update a child row: a foreign key constraint fails (`bmj_db`.`item_entity`, CONSTRAINT `FK3sawstokmhxprx46n29mt96px` FOREIGN KEY (`product_family_id`) REFERENCES `product_families` (`id`))] [update item_entity set archived=?,deleted=?,description=?,enabled_for_checkout=?,enabled_in_portal=?,external_name=?,giftable=?,json_object=?,meta_data=?,name=?,product_family_id=?,shippable=?,status=?,subscription_id=?,type=?,unit=? where id=?]; SQL [update item_entity set archived=?,deleted=?,description=?,enabled_for_checkout=?,enabled_in_portal=?,external_name=?,giftable=?,json_object=?,meta_data=?,name=?,product_family_id=?,shippable=?,status=?,subscription_id=?,type=?,unit=? where id=?]; constraint [null]
2026-05-17 01:24:11.703 [pool-3-thread-1] ERROR o.h.e.jdbc.spi.SqlExceptionHelper - Cannot add or update a child row: a foreign key constraint fails (`bmj_db`.`item_entity`, CONSTRAINT `FK3sawstokmhxprx46n29mt96px` FOREIGN KEY (`product_family_id`) REFERENCES `product_families` (`id`))
2026-05-17 01:24:11.705 [pool-3-thread-1] ERROR c.b.services.ChargebeeSyncService - ❌ Error processing item cbdemo_professional-suite: could not execute statement [Cannot add or update a child row: a foreign key constraint fails (`bmj_db`.`item_entity`, CONSTRAINT `FK3sawstokmhxprx46n29mt96px` FOREIGN KEY (`product_family_id`) REFERENCES `product_families` (`id`))] [update item_entity set archived=?,deleted=?,description=?,enabled_for_checkout=?,enabled_in_portal=?,external_name=?,giftable=?,json_object=?,meta_data=?,name=?,product_family_id=?,shippable=?,status=?,subscription_id=?,type=?,unit=? where id=?]; SQL [update item_entity set archived=?,deleted=?,description=?,enabled_for_checkout=?,enabled_in_portal=?,external_name=?,giftable=?,json_object=?,meta_data=?,name=?,product_family_id=?,shippable=?,status=?,subscription_id=?,type=?,unit=? where id=?]; constraint [null]
2026-05-17 01:24:11.718 [pool-3-thread-1] ERROR o.h.e.jdbc.spi.SqlExceptionHelper - Cannot add or update a child row: a foreign key constraint fails (`bmj_db`.`item_entity`, CONSTRAINT `FK3sawstokmhxprx46n29mt96px` FOREIGN KEY (`product_family_id`) REFERENCES `product_families` (`id`))
2026-05-17 01:24:11.722 [pool-3-thread-1] ERROR c.b.services.ChargebeeSyncService - ❌ Error processing item cbdemo_essential-support: could not execute statement [Cannot add or update a child row: a foreign key constraint fails (`bmj_db`.`item_entity`, CONSTRAINT `FK3sawstokmhxprx46n29mt96px` FOREIGN KEY (`product_family_id`) REFERENCES `product_families` (`id`))] [update item_entity set archived=?,deleted=?,description=?,enabled_for_checkout=?,enabled_in_portal=?,external_name=?,giftable=?,json_object=?,meta_data=?,name=?,product_family_id=?,shippable=?,status=?,subscription_id=?,type=?,unit=? where id=?]; SQL [update item_entity set archived=?,deleted=?,description=?,enabled_for_checkout=?,enabled_in_portal=?,external_name=?,giftable=?,json_object=?,meta_data=?,name=?,product_family_id=?,shippable=?,status=?,subscription_id=?,type=?,unit=? where id=?]; constraint [null]
2026-05-17 09:40:21.280 [pool-3-thread-1] ERROR o.h.e.jdbc.spi.SqlExceptionHelper - Cannot add or update a child row: a foreign key constraint fails (`bmj_db`.`item_entity`, CONSTRAINT `FK3sawstokmhxprx46n29mt96px` FOREIGN KEY (`product_family_id`) REFERENCES `product_families` (`id`))
2026-05-17 09:40:21.290 [pool-3-thread-1] ERROR c.b.services.ChargebeeSyncService - ❌ Error processing item abc200: could not execute statement [Cannot add or update a child row: a foreign key constraint fails (`bmj_db`.`item_entity`, CONSTRAINT `FK3sawstokmhxprx46n29mt96px` FOREIGN KEY (`product_family_id`) REFERENCES `product_families` (`id`))] [update item_entity set archived=?,deleted=?,description=?,enabled_for_checkout=?,enabled_in_portal=?,external_name=?,giftable=?,json_object=?,meta_data=?,name=?,product_family_id=?,shippable=?,status=?,subscription_id=?,type=?,unit=? where id=?]; SQL [update item_entity set archived=?,deleted=?,description=?,enabled_for_checkout=?,enabled_in_portal=?,external_name=?,giftable=?,json_object=?,meta_data=?,name=?,product_family_id=?,shippable=?,status=?,subscription_id=?,type=?,unit=? where id=?]; constraint [null]
2026-05-17 09:40:21.308 [pool-3-thread-1] ERROR o.h.e.jdbc.spi.SqlExceptionHelper - Cannot add or update a child row: a foreign key constraint fails (`bmj_db`.`item_entity`, CONSTRAINT `FK3sawstokmhxprx46n29mt96px` FOREIGN KEY (`product_family_id`) REFERENCES `product_families` (`id`))
2026-05-17 09:40:21.312 [pool-3-thread-1] ERROR c.b.services.ChargebeeSyncService - ❌ Error processing item carrot300: could not execute statement [Cannot add or update a child row: a foreign key constraint fails (`bmj_db`.`item_entity`, CONSTRAINT `FK3sawstokmhxprx46n29mt96px` FOREIGN KEY (`product_family_id`) REFERENCES `product_families` (`id`))] [update item_entity set archived=?,deleted=?,description=?,enabled_for_checkout=?,enabled_in_portal=?,external_name=?,giftable=?,json_object=?,meta_data=?,name=?,product_family_id=?,shippable=?,status=?,subscription_id=?,type=?,unit=? where id=?]; SQL [update item_entity set archived=?,deleted=?,description=?,enabled_for_checkout=?,enabled_in_portal=?,external_name=?,giftable=?,json_object=?,meta_data=?,name=?,product_family_id=?,shippable=?,status=?,subscription_id=?,type=?,unit=? where id=?]; constraint [null]
2026-05-17 09:40:21.328 [pool-3-thread-1] ERROR o.h.e.jdbc.spi.SqlExceptionHelper - Cannot add or update a child row: a foreign key constraint fails (`bmj_db`.`item_entity`, CONSTRAINT `FK3sawstokmhxprx46n29mt96px` FOREIGN KEY (`product_family_id`) REFERENCES `product_families` (`id`))
2026-05-17 09:40:21.332 [pool-3-thread-1] ERROR c.b.services.ChargebeeSyncService - ❌ Error processing item pineapple300: could not execute statement [Cannot add or update a child row: a foreign key constraint fails (`bmj_db`.`item_entity`, CONSTRAINT `FK3sawstokmhxprx46n29mt96px` FOREIGN KEY (`product_family_id`) REFERENCES `product_families` (`id`))] [update item_entity set archived=?,deleted=?,description=?,enabled_for_checkout=?,enabled_in_portal=?,external_name=?,giftable=?,json_object=?,meta_data=?,name=?,product_family_id=?,shippable=?,status=?,subscription_id=?,type=?,unit=? where id=?]; SQL [update item_entity set archived=?,deleted=?,description=?,enabled_for_checkout=?,enabled_in_portal=?,external_name=?,giftable=?,json_object=?,meta_data=?,name=?,product_family_id=?,shippable=?,status=?,subscription_id=?,type=?,unit=? where id=?]; constraint [null]
2026-05-17 09:40:21.348 [pool-3-thread-1] ERROR o.h.e.jdbc.spi.SqlExceptionHelper - Cannot add or update a child row: a foreign key constraint fails (`bmj_db`.`item_entity`, CONSTRAINT `FK3sawstokmhxprx46n29mt96px` FOREIGN KEY (`product_family_id`) REFERENCES `product_families` (`id`))
2026-05-17 09:40:21.351 [pool-3-thread-1] ERROR c.b.services.ChargebeeSyncService - ❌ Error processing item daily_delight200: could not execute statement [Cannot add or update a child row: a foreign key constraint fails (`bmj_db`.`item_entity`, CONSTRAINT `FK3sawstokmhxprx46n29mt96px` FOREIGN KEY (`product_family_id`) REFERENCES `product_families` (`id`))] [update item_entity set archived=?,deleted=?,description=?,enabled_for_checkout=?,enabled_in_portal=?,external_name=?,giftable=?,json_object=?,meta_data=?,name=?,product_family_id=?,shippable=?,status=?,subscription_id=?,type=?,unit=? where id=?]; SQL [update item_entity set archived=?,deleted=?,description=?,enabled_for_checkout=?,enabled_in_portal=?,external_name=?,giftable=?,json_object=?,meta_data=?,name=?,product_family_id=?,shippable=?,status=?,subscription_id=?,type=?,unit=? where id=?]; constraint [null]
2026-05-17 09:40:21.366 [pool-3-thread-1] ERROR o.h.e.jdbc.spi.SqlExceptionHelper - Cannot add or update a child row: a foreign key constraint fails (`bmj_db`.`item_entity`, CONSTRAINT `FK3sawstokmhxprx46n29mt96px` FOREIGN KEY (`product_family_id`) REFERENCES `product_families` (`id`))
2026-05-17 09:40:21.370 [pool-3-thread-1] ERROR c.b.services.ChargebeeSyncService - ❌ Error processing item Signature300: could not execute statement [Cannot add or update a child row: a foreign key constraint fails (`bmj_db`.`item_entity`, CONSTRAINT `FK3sawstokmhxprx46n29mt96px` FOREIGN KEY (`product_family_id`) REFERENCES `product_families` (`id`))] [update item_entity set archived=?,deleted=?,description=?,enabled_for_checkout=?,enabled_in_portal=?,external_name=?,giftable=?,json_object=?,meta_data=?,name=?,product_family_id=?,shippable=?,status=?,subscription_id=?,type=?,unit=? where id=?]; SQL [update item_entity set archived=?,deleted=?,description=?,enabled_for_checkout=?,enabled_in_portal=?,external_name=?,giftable=?,json_object=?,meta_data=?,name=?,product_family_id=?,shippable=?,status=?,subscription_id=?,type=?,unit=? where id=?]; constraint [null]
2026-05-17 09:40:21.384 [pool-3-thread-1] ERROR o.h.e.jdbc.spi.SqlExceptionHelper - Cannot add or update a child row: a foreign key constraint fails (`bmj_db`.`item_entity`, CONSTRAINT `FK3sawstokmhxprx46n29mt96px` FOREIGN KEY (`product_family_id`) REFERENCES `product_families` (`id`))
2026-05-17 09:40:21.388 [pool-3-thread-1] ERROR c.b.services.ChargebeeSyncService - ❌ Error processing item Delight_300: could not execute statement [Cannot add or update a child row: a foreign key constraint fails (`bmj_db`.`item_entity`, CONSTRAINT `FK3sawstokmhxprx46n29mt96px` FOREIGN KEY (`product_family_id`) REFERENCES `product_families` (`id`))] [update item_entity set archived=?,deleted=?,description=?,enabled_for_checkout=?,enabled_in_portal=?,external_name=?,giftable=?,json_object=?,meta_data=?,name=?,product_family_id=?,shippable=?,status=?,subscription_id=?,type=?,unit=? where id=?]; SQL [update item_entity set archived=?,deleted=?,description=?,enabled_for_checkout=?,enabled_in_portal=?,external_name=?,giftable=?,json_object=?,meta_data=?,name=?,product_family_id=?,shippable=?,status=?,subscription_id=?,type=?,unit=? where id=?]; constraint [null]
2026-05-17 09:40:21.404 [pool-3-thread-1] ERROR o.h.e.jdbc.spi.SqlExceptionHelper - Cannot add or update a child row: a foreign key constraint fails (`bmj_db`.`item_entity`, CONSTRAINT `FK3sawstokmhxprx46n29mt96px` FOREIGN KEY (`product_family_id`) REFERENCES `product_families` (`id`))
2026-05-17 09:40:21.407 [pool-3-thread-1] ERROR c.b.services.ChargebeeSyncService - ❌ Error processing item ABC: could not execute statement [Cannot add or update a child row: a foreign key constraint fails (`bmj_db`.`item_entity`, CONSTRAINT `FK3sawstokmhxprx46n29mt96px` FOREIGN KEY (`product_family_id`) REFERENCES `product_families` (`id`))] [update item_entity set archived=?,deleted=?,description=?,enabled_for_checkout=?,enabled_in_portal=?,external_name=?,giftable=?,json_object=?,meta_data=?,name=?,product_family_id=?,shippable=?,status=?,subscription_id=?,type=?,unit=? where id=?]; SQL [update item_entity set archived=?,deleted=?,description=?,enabled_for_checkout=?,enabled_in_portal=?,external_name=?,giftable=?,json_object=?,meta_data=?,name=?,product_family_id=?,shippable=?,status=?,subscription_id=?,type=?,unit=? where id=?]; constraint [null]
2026-05-17 09:40:21.425 [pool-3-thread-1] ERROR o.h.e.jdbc.spi.SqlExceptionHelper - Cannot add or update a child row: a foreign key constraint fails (`bmj_db`.`item_entity`, CONSTRAINT `FK3sawstokmhxprx46n29mt96px` FOREIGN KEY (`product_family_id`) REFERENCES `product_families` (`id`))
2026-05-17 09:40:21.429 [pool-3-thread-1] ERROR c.b.services.ChargebeeSyncService - ❌ Error processing item meteredTest: could not execute statement [Cannot add or update a child row: a foreign key constraint fails (`bmj_db`.`item_entity`, CONSTRAINT `FK3sawstokmhxprx46n29mt96px` FOREIGN KEY (`product_family_id`) REFERENCES `product_families` (`id`))] [update item_entity set archived=?,deleted=?,description=?,enabled_for_checkout=?,enabled_in_portal=?,external_name=?,giftable=?,json_object=?,meta_data=?,name=?,product_family_id=?,shippable=?,status=?,subscription_id=?,type=?,unit=? where id=?]; SQL [update item_entity set archived=?,deleted=?,description=?,enabled_for_checkout=?,enabled_in_portal=?,external_name=?,giftable=?,json_object=?,meta_data=?,name=?,product_family_id=?,shippable=?,status=?,subscription_id=?,type=?,unit=? where id=?]; constraint [null]
2026-05-17 09:40:21.444 [pool-3-thread-1] ERROR o.h.e.jdbc.spi.SqlExceptionHelper - Cannot add or update a child row: a foreign key constraint fails (`bmj_db`.`item_entity`, CONSTRAINT `FK3sawstokmhxprx46n29mt96px` FOREIGN KEY (`product_family_id`) REFERENCES `product_families` (`id`))
2026-05-17 09:40:21.449 [pool-3-thread-1] ERROR c.b.services.ChargebeeSyncService - ❌ Error processing item delight300: could not execute statement [Cannot add or update a child row: a foreign key constraint fails (`bmj_db`.`item_entity`, CONSTRAINT `FK3sawstokmhxprx46n29mt96px` FOREIGN KEY (`product_family_id`) REFERENCES `product_families` (`id`))] [update item_entity set archived=?,deleted=?,description=?,enabled_for_checkout=?,enabled_in_portal=?,external_name=?,giftable=?,json_object=?,meta_data=?,name=?,product_family_id=?,shippable=?,status=?,subscription_id=?,type=?,unit=? where id=?]; SQL [update item_entity set archived=?,deleted=?,description=?,enabled_for_checkout=?,enabled_in_portal=?,external_name=?,giftable=?,json_object=?,meta_data=?,name=?,product_family_id=?,shippable=?,status=?,subscription_id=?,type=?,unit=? where id=?]; constraint [null]
2026-05-17 09:40:21.465 [pool-3-thread-1] ERROR o.h.e.jdbc.spi.SqlExceptionHelper - Cannot add or update a child row: a foreign key constraint fails (`bmj_db`.`item_entity`, CONSTRAINT `FK3sawstokmhxprx46n29mt96px` FOREIGN KEY (`product_family_id`) REFERENCES `product_families` (`id`))
2026-05-17 09:40:21.469 [pool-3-thread-1] ERROR c.b.services.ChargebeeSyncService - ❌ Error processing item premium200: could not execute statement [Cannot add or update a child row: a foreign key constraint fails (`bmj_db`.`item_entity`, CONSTRAINT `FK3sawstokmhxprx46n29mt96px` FOREIGN KEY (`product_family_id`) REFERENCES `product_families` (`id`))] [update item_entity set archived=?,deleted=?,description=?,enabled_for_checkout=?,enabled_in_portal=?,external_name=?,giftable=?,json_object=?,meta_data=?,name=?,product_family_id=?,shippable=?,status=?,subscription_id=?,type=?,unit=? where id=?]; SQL [update item_entity set archived=?,deleted=?,description=?,enabled_for_checkout=?,enabled_in_portal=?,external_name=?,giftable=?,json_object=?,meta_data=?,name=?,product_family_id=?,shippable=?,status=?,subscription_id=?,type=?,unit=? where id=?]; constraint [null]
2026-05-17 09:40:21.483 [pool-3-thread-1] ERROR o.h.e.jdbc.spi.SqlExceptionHelper - Cannot add or update a child row: a foreign key constraint fails (`bmj_db`.`item_entity`, CONSTRAINT `FK3sawstokmhxprx46n29mt96px` FOREIGN KEY (`product_family_id`) REFERENCES `product_families` (`id`))
2026-05-17 09:40:21.489 [pool-3-thread-1] ERROR c.b.services.ChargebeeSyncService - ❌ Error processing item premium300: could not execute statement [Cannot add or update a child row: a foreign key constraint fails (`bmj_db`.`item_entity`, CONSTRAINT `FK3sawstokmhxprx46n29mt96px` FOREIGN KEY (`product_family_id`) REFERENCES `product_families` (`id`))] [update item_entity set archived=?,deleted=?,description=?,enabled_for_checkout=?,enabled_in_portal=?,external_name=?,giftable=?,json_object=?,meta_data=?,name=?,product_family_id=?,shippable=?,status=?,subscription_id=?,type=?,unit=? where id=?]; SQL [update item_entity set archived=?,deleted=?,description=?,enabled_for_checkout=?,enabled_in_portal=?,external_name=?,giftable=?,json_object=?,meta_data=?,name=?,product_family_id=?,shippable=?,status=?,subscription_id=?,type=?,unit=? where id=?]; constraint [null]
2026-05-17 09:40:21.503 [pool-3-thread-1] ERROR o.h.e.jdbc.spi.SqlExceptionHelper - Cannot add or update a child row: a foreign key constraint fails (`bmj_db`.`item_entity`, CONSTRAINT `FK3sawstokmhxprx46n29mt96px` FOREIGN KEY (`product_family_id`) REFERENCES `product_families` (`id`))
2026-05-17 09:40:21.506 [pool-3-thread-1] ERROR c.b.services.ChargebeeSyncService - ❌ Error processing item cbdemo_one-time-setup-fee: could not execute statement [Cannot add or update a child row: a foreign key constraint fails (`bmj_db`.`item_entity`, CONSTRAINT `FK3sawstokmhxprx46n29mt96px` FOREIGN KEY (`product_family_id`) REFERENCES `product_families` (`id`))] [update item_entity set archived=?,deleted=?,description=?,enabled_for_checkout=?,enabled_in_portal=?,external_name=?,giftable=?,json_object=?,meta_data=?,name=?,product_family_id=?,shippable=?,status=?,subscription_id=?,type=?,unit=? where id=?]; SQL [update item_entity set archived=?,deleted=?,description=?,enabled_for_checkout=?,enabled_in_portal=?,external_name=?,giftable=?,json_object=?,meta_data=?,name=?,product_family_id=?,shippable=?,status=?,subscription_id=?,type=?,unit=? where id=?]; constraint [null]
2026-05-17 09:40:21.522 [pool-3-thread-1] ERROR o.h.e.jdbc.spi.SqlExceptionHelper - Cannot add or update a child row: a foreign key constraint fails (`bmj_db`.`item_entity`, CONSTRAINT `FK3sawstokmhxprx46n29mt96px` FOREIGN KEY (`product_family_id`) REFERENCES `product_families` (`id`))
2026-05-17 09:40:21.526 [pool-3-thread-1] ERROR c.b.services.ChargebeeSyncService - ❌ Error processing item cbdemo_data-compliance-addon: could not execute statement [Cannot add or update a child row: a foreign key constraint fails (`bmj_db`.`item_entity`, CONSTRAINT `FK3sawstokmhxprx46n29mt96px` FOREIGN KEY (`product_family_id`) REFERENCES `product_families` (`id`))] [update item_entity set archived=?,deleted=?,description=?,enabled_for_checkout=?,enabled_in_portal=?,external_name=?,giftable=?,json_object=?,meta_data=?,name=?,product_family_id=?,shippable=?,status=?,subscription_id=?,type=?,unit=? where id=?]; SQL [update item_entity set archived=?,deleted=?,description=?,enabled_for_checkout=?,enabled_in_portal=?,external_name=?,giftable=?,json_object=?,meta_data=?,name=?,product_family_id=?,shippable=?,status=?,subscription_id=?,type=?,unit=? where id=?]; constraint [null]
2026-05-17 09:40:21.541 [pool-3-thread-1] ERROR o.h.e.jdbc.spi.SqlExceptionHelper - Cannot add or update a child row: a foreign key constraint fails (`bmj_db`.`item_entity`, CONSTRAINT `FK3sawstokmhxprx46n29mt96px` FOREIGN KEY (`product_family_id`) REFERENCES `product_families` (`id`))
2026-05-17 09:40:21.549 [pool-3-thread-1] ERROR c.b.services.ChargebeeSyncService - ❌ Error processing item cbdemo_quality-control-addon: could not execute statement [Cannot add or update a child row: a foreign key constraint fails (`bmj_db`.`item_entity`, CONSTRAINT `FK3sawstokmhxprx46n29mt96px` FOREIGN KEY (`product_family_id`) REFERENCES `product_families` (`id`))] [update item_entity set archived=?,deleted=?,description=?,enabled_for_checkout=?,enabled_in_portal=?,external_name=?,giftable=?,json_object=?,meta_data=?,name=?,product_family_id=?,shippable=?,status=?,subscription_id=?,type=?,unit=? where id=?]; SQL [update item_entity set archived=?,deleted=?,description=?,enabled_for_checkout=?,enabled_in_portal=?,external_name=?,giftable=?,json_object=?,meta_data=?,name=?,product_family_id=?,shippable=?,status=?,subscription_id=?,type=?,unit=? where id=?]; constraint [null]
2026-05-17 09:40:21.564 [pool-3-thread-1] ERROR o.h.e.jdbc.spi.SqlExceptionHelper - Cannot add or update a child row: a foreign key constraint fails (`bmj_db`.`item_entity`, CONSTRAINT `FK3sawstokmhxprx46n29mt96px` FOREIGN KEY (`product_family_id`) REFERENCES `product_families` (`id`))
2026-05-17 09:40:21.568 [pool-3-thread-1] ERROR c.b.services.ChargebeeSyncService - ❌ Error processing item cbdemo_workforce-optimizer-addon: could not execute statement [Cannot add or update a child row: a foreign key constraint fails (`bmj_db`.`item_entity`, CONSTRAINT `FK3sawstokmhxprx46n29mt96px` FOREIGN KEY (`product_family_id`) REFERENCES `product_families` (`id`))] [update item_entity set archived=?,deleted=?,description=?,enabled_for_checkout=?,enabled_in_portal=?,external_name=?,giftable=?,json_object=?,meta_data=?,name=?,product_family_id=?,shippable=?,status=?,subscription_id=?,type=?,unit=? where id=?]; SQL [update item_entity set archived=?,deleted=?,description=?,enabled_for_checkout=?,enabled_in_portal=?,external_name=?,giftable=?,json_object=?,meta_data=?,name=?,product_family_id=?,shippable=?,status=?,subscription_id=?,type=?,unit=? where id=?]; constraint [null]
2026-05-17 09:40:21.581 [pool-3-thread-1] ERROR o.h.e.jdbc.spi.SqlExceptionHelper - Cannot add or update a child row: a foreign key constraint fails (`bmj_db`.`item_entity`, CONSTRAINT `FK3sawstokmhxprx46n29mt96px` FOREIGN KEY (`product_family_id`) REFERENCES `product_families` (`id`))
2026-05-17 09:40:21.587 [pool-3-thread-1] ERROR c.b.services.ChargebeeSyncService - ❌ Error processing item cbdemo_ai-boost-addon: could not execute statement [Cannot add or update a child row: a foreign key constraint fails (`bmj_db`.`item_entity`, CONSTRAINT `FK3sawstokmhxprx46n29mt96px` FOREIGN KEY (`product_family_id`) REFERENCES `product_families` (`id`))] [update item_entity set archived=?,deleted=?,description=?,enabled_for_checkout=?,enabled_in_portal=?,external_name=?,giftable=?,json_object=?,meta_data=?,name=?,product_family_id=?,shippable=?,status=?,subscription_id=?,type=?,unit=? where id=?]; SQL [update item_entity set archived=?,deleted=?,description=?,enabled_for_checkout=?,enabled_in_portal=?,external_name=?,giftable=?,json_object=?,meta_data=?,name=?,product_family_id=?,shippable=?,status=?,subscription_id=?,type=?,unit=? where id=?]; constraint [null]
2026-05-17 09:40:21.603 [pool-3-thread-1] ERROR o.h.e.jdbc.spi.SqlExceptionHelper - Cannot add or update a child row: a foreign key constraint fails (`bmj_db`.`item_entity`, CONSTRAINT `FK3sawstokmhxprx46n29mt96px` FOREIGN KEY (`product_family_id`) REFERENCES `product_families` (`id`))
2026-05-17 09:40:21.606 [pool-3-thread-1] ERROR c.b.services.ChargebeeSyncService - ❌ Error processing item cbdemo_enterprise-suite: could not execute statement [Cannot add or update a child row: a foreign key constraint fails (`bmj_db`.`item_entity`, CONSTRAINT `FK3sawstokmhxprx46n29mt96px` FOREIGN KEY (`product_family_id`) REFERENCES `product_families` (`id`))] [update item_entity set archived=?,deleted=?,description=?,enabled_for_checkout=?,enabled_in_portal=?,external_name=?,giftable=?,json_object=?,meta_data=?,name=?,product_family_id=?,shippable=?,status=?,subscription_id=?,type=?,unit=? where id=?]; SQL [update item_entity set archived=?,deleted=?,description=?,enabled_for_checkout=?,enabled_in_portal=?,external_name=?,giftable=?,json_object=?,meta_data=?,name=?,product_family_id=?,shippable=?,status=?,subscription_id=?,type=?,unit=? where id=?]; constraint [null]
2026-05-17 09:40:21.621 [pool-3-thread-1] ERROR o.h.e.jdbc.spi.SqlExceptionHelper - Cannot add or update a child row: a foreign key constraint fails (`bmj_db`.`item_entity`, CONSTRAINT `FK3sawstokmhxprx46n29mt96px` FOREIGN KEY (`product_family_id`) REFERENCES `product_families` (`id`))
2026-05-17 09:40:21.627 [pool-3-thread-1] ERROR c.b.services.ChargebeeSyncService - ❌ Error processing item cbdemo_business-suite: could not execute statement [Cannot add or update a child row: a foreign key constraint fails (`bmj_db`.`item_entity`, CONSTRAINT `FK3sawstokmhxprx46n29mt96px` FOREIGN KEY (`product_family_id`) REFERENCES `product_families` (`id`))] [update item_entity set archived=?,deleted=?,description=?,enabled_for_checkout=?,enabled_in_portal=?,external_name=?,giftable=?,json_object=?,meta_data=?,name=?,product_family_id=?,shippable=?,status=?,subscription_id=?,type=?,unit=? where id=?]; SQL [update item_entity set archived=?,deleted=?,description=?,enabled_for_checkout=?,enabled_in_portal=?,external_name=?,giftable=?,json_object=?,meta_data=?,name=?,product_family_id=?,shippable=?,status=?,subscription_id=?,type=?,unit=? where id=?]; constraint [null]
2026-05-17 09:40:21.645 [pool-3-thread-1] ERROR o.h.e.jdbc.spi.SqlExceptionHelper - Cannot add or update a child row: a foreign key constraint fails (`bmj_db`.`item_entity`, CONSTRAINT `FK3sawstokmhxprx46n29mt96px` FOREIGN KEY (`product_family_id`) REFERENCES `product_families` (`id`))
2026-05-17 09:40:21.650 [pool-3-thread-1] ERROR c.b.services.ChargebeeSyncService - ❌ Error processing item cbdemo_professional-suite: could not execute statement [Cannot add or update a child row: a foreign key constraint fails (`bmj_db`.`item_entity`, CONSTRAINT `FK3sawstokmhxprx46n29mt96px` FOREIGN KEY (`product_family_id`) REFERENCES `product_families` (`id`))] [update item_entity set archived=?,deleted=?,description=?,enabled_for_checkout=?,enabled_in_portal=?,external_name=?,giftable=?,json_object=?,meta_data=?,name=?,product_family_id=?,shippable=?,status=?,subscription_id=?,type=?,unit=? where id=?]; SQL [update item_entity set archived=?,deleted=?,description=?,enabled_for_checkout=?,enabled_in_portal=?,external_name=?,giftable=?,json_object=?,meta_data=?,name=?,product_family_id=?,shippable=?,status=?,subscription_id=?,type=?,unit=? where id=?]; constraint [null]
2026-05-17 09:40:21.668 [pool-3-thread-1] ERROR o.h.e.jdbc.spi.SqlExceptionHelper - Cannot add or update a child row: a foreign key constraint fails (`bmj_db`.`item_entity`, CONSTRAINT `FK3sawstokmhxprx46n29mt96px` FOREIGN KEY (`product_family_id`) REFERENCES `product_families` (`id`))
2026-05-17 09:40:21.675 [pool-3-thread-1] ERROR c.b.services.ChargebeeSyncService - ❌ Error processing item cbdemo_essential-support: could not execute statement [Cannot add or update a child row: a foreign key constraint fails (`bmj_db`.`item_entity`, CONSTRAINT `FK3sawstokmhxprx46n29mt96px` FOREIGN KEY (`product_family_id`) REFERENCES `product_families` (`id`))] [update item_entity set archived=?,deleted=?,description=?,enabled_for_checkout=?,enabled_in_portal=?,external_name=?,giftable=?,json_object=?,meta_data=?,name=?,product_family_id=?,shippable=?,status=?,subscription_id=?,type=?,unit=? where id=?]; SQL [update item_entity set archived=?,deleted=?,description=?,enabled_for_checkout=?,enabled_in_portal=?,external_name=?,giftable=?,json_object=?,meta_data=?,name=?,product_family_id=?,shippable=?,status=?,subscription_id=?,type=?,unit=? where id=?]; constraint [null]
2026-05-17 09:48:16.061 [http-nio-0.0.0.0-8080-exec-5] ERROR c.b.security.jwt.AuthEntryPointJwt - Unauthorized error: Full authentication is required to access this resource
2026-05-17 09:48:19.482 [http-nio-0.0.0.0-8080-exec-9] ERROR c.b.security.jwt.AuthEntryPointJwt - Unauthorized error: Full authentication is required to access this resource
2026-05-17 09:48:20.186 [http-nio-0.0.0.0-8080-exec-8] ERROR c.b.security.jwt.AuthEntryPointJwt - Unauthorized error: Full authentication is required to access this resource
